[12-15 19:33:58]: [INFO] Created column 'regdate' and set the current timestamp, 1734291238377, to all 0 rows
[12-15 19:33:58]: [INFO] SQLite Setup finished
[12-15 19:33:58]: [INFO] Hooked into LuckPerms!
[12-15 19:33:58]: [INFO] Hooked successfully into Essentials
[12-15 19:33:58]: [INFO] Hooked successfully into Multiverse-Core
[12-15 19:33:58]: [INFO] Essentials spawn file not found: '/workspaces/Mc-Server/servidor_minecraft/plugins/Essentials/spawn.yml'
[12-15 19:33:58]: [INFO] AuthMe 5.6.0 build n.CUSTOM successfully enabled!
[12-15 19:34:00]: [INFO] Downloading GEO IP database, because the old database is older than 30 days or doesn't exist
[12-15 19:34:00]: [WARN] No MaxMind credentials found in the configuration file! GeoIp protections will be disabled.
[12-15 19:34:00]: [INFO] There is no newer GEO IP database uploaded to MaxMind. Using the old one for now.
[12-15 19:34:00]: [WARN] Could not download GeoLiteAPI database [FileNotFoundException]: plugins/AuthMe/GeoLite2-Country.mmdb (No such file or directory)
[12-15 19:34:00]: java.io.FileNotFoundException: plugins/AuthMe/GeoLite2-Country.mmdb (No such file or directory)
	at java.io.RandomAccessFile.open0(Native Method)
	at java.io.RandomAccessFile.open(RandomAccessFile.java:316)
	at java.io.RandomAccessFile.<init>(RandomAccessFile.java:243)
	at fr.xephi.authme.libs.com.maxmind.db.BufferHolder.<init>(BufferHolder.java:20)
	at fr.xephi.authme.libs.com.maxmind.db.Reader.<init>(Reader.java:121)
	at fr.xephi.authme.service.GeoIpService.startReading(GeoIpService.java:179)
	at fr.xephi.authme.service.GeoIpService.updateDatabase(GeoIpService.java:150)
	at org.bukkit.craftbukkit.v1_8_R3.scheduler.CraftTask.run(CraftTask.java:59)
	at org.bukkit.craftbukkit.v1_8_R3.scheduler.CraftAsyncTask.run(CraftAsyncTask.java:53)
	at org.github.paperspigot.ServerSchedulerReportingWrapper.run(ServerSchedulerReportingWrapper.java:23)
	at java.util.concurrent.ThreadPoolExecutor.runWorker(ThreadPoolExecutor.java:1149)
	at java.util.concurrent.ThreadPoolExecutor$Worker.run(ThreadPoolExecutor.java:624)
	at java.lang.Thread.run(Thread.java:750)

[12-15 19:34:14]: [FINE] Frntts registered 100.80.245.25
[12-15 19:34:14]: [FINE] Frntts logged in 100.80.245.25
[12-15 19:36:54]: [FINE] Frntts logged in 100.80.245.25
[12-15 19:44:54]: [FINE] Frntts logged in 100.80.245.25
[12-15 19:47:35]: [FINE] Frntts logged in 100.80.245.25
[12-15 19:48:31]: [INFO] AuthMe 5.6.0-bCUSTOM disabled!
[12-15 19:49:12]: [INFO] SQLite Setup finished
[12-15 19:49:12]: [INFO] Hooked into LuckPerms!
[12-15 19:49:12]: [INFO] Hooked successfully into Essentials
[12-15 19:49:12]: [INFO] Hooked successfully into Multiverse-Core
[12-15 19:49:12]: [INFO] Essentials spawn file not found: '/workspaces/Mc-Server/servidor_minecraft/plugins/Essentials/spawn.yml'
[12-15 19:49:12]: [INFO] AuthMe 5.6.0 build n.CUSTOM successfully enabled!
[12-15 19:49:14]: [INFO] Downloading GEO IP database, because the old database is older than 30 days or doesn't exist
[12-15 19:49:14]: [WARN] No MaxMind credentials found in the configuration file! GeoIp protections will be disabled.
[12-15 19:49:14]: [INFO] There is no newer GEO IP database uploaded to MaxMind. Using the old one for now.
[12-15 19:49:14]: [WARN] Could not download GeoLiteAPI database [FileNotFoundException]: plugins/AuthMe/GeoLite2-Country.mmdb (No such file or directory)
[12-15 19:49:14]: java.io.FileNotFoundException: plugins/AuthMe/GeoLite2-Country.mmdb (No such file or directory)
	at java.io.RandomAccessFile.open0(Native Method)
	at java.io.RandomAccessFile.open(RandomAccessFile.java:316)
	at java.io.RandomAccessFile.<init>(RandomAccessFile.java:243)
	at fr.xephi.authme.libs.com.maxmind.db.BufferHolder.<init>(BufferHolder.java:20)
	at fr.xephi.authme.libs.com.maxmind.db.Reader.<init>(Reader.java:121)
	at fr.xephi.authme.service.GeoIpService.startReading(GeoIpService.java:179)
	at fr.xephi.authme.service.GeoIpService.updateDatabase(GeoIpService.java:150)
	at org.bukkit.craftbukkit.v1_8_R3.scheduler.CraftTask.run(CraftTask.java:59)
	at org.bukkit.craftbukkit.v1_8_R3.scheduler.CraftAsyncTask.run(CraftAsyncTask.java:53)
	at org.github.paperspigot.ServerSchedulerReportingWrapper.run(ServerSchedulerReportingWrapper.java:23)
	at java.util.concurrent.ThreadPoolExecutor.runWorker(ThreadPoolExecutor.java:1149)
	at java.util.concurrent.ThreadPoolExecutor$Worker.run(ThreadPoolExecutor.java:624)
	at java.lang.Thread.run(Thread.java:750)

[12-15 19:49:21]: [FINE] Frntts used the wrong password
[12-15 19:49:25]: [FINE] Frntts logged in 100.80.245.25
[12-15 20:00:50]: [INFO] AuthMe 5.6.0-bCUSTOM disabled!
[12-15 20:01:37]: [INFO] SQLite Setup finished
[12-15 20:01:37]: [INFO] Hooked into LuckPerms!
[12-15 20:01:37]: [INFO] Hooked successfully into Essentials
[12-15 20:01:37]: [INFO] Hooked successfully into Multiverse-Core
[12-15 20:01:37]: [INFO] Essentials spawn file not found: '/workspaces/Mc-Server/servidor_minecraft/plugins/Essentials/spawn.yml'
[12-15 20:01:38]: [INFO] AuthMe 5.6.0 build n.CUSTOM successfully enabled!
[12-15 20:01:39]: [INFO] Downloading GEO IP database, because the old database is older than 30 days or doesn't exist
[12-15 20:01:39]: [WARN] No MaxMind credentials found in the configuration file! GeoIp protections will be disabled.
[12-15 20:01:39]: [INFO] There is no newer GEO IP database uploaded to MaxMind. Using the old one for now.
[12-15 20:01:39]: [WARN] Could not download GeoLiteAPI database [FileNotFoundException]: plugins/AuthMe/GeoLite2-Country.mmdb (No such file or directory)
[12-15 20:01:39]: java.io.FileNotFoundException: plugins/AuthMe/GeoLite2-Country.mmdb (No such file or directory)
	at java.io.RandomAccessFile.open0(Native Method)
	at java.io.RandomAccessFile.open(RandomAccessFile.java:316)
	at java.io.RandomAccessFile.<init>(RandomAccessFile.java:243)
	at fr.xephi.authme.libs.com.maxmind.db.BufferHolder.<init>(BufferHolder.java:20)
	at fr.xephi.authme.libs.com.maxmind.db.Reader.<init>(Reader.java:121)
	at fr.xephi.authme.service.GeoIpService.startReading(GeoIpService.java:179)
	at fr.xephi.authme.service.GeoIpService.updateDatabase(GeoIpService.java:150)
	at org.bukkit.craftbukkit.v1_8_R3.scheduler.CraftTask.run(CraftTask.java:59)
	at org.bukkit.craftbukkit.v1_8_R3.scheduler.CraftAsyncTask.run(CraftAsyncTask.java:53)
	at org.github.paperspigot.ServerSchedulerReportingWrapper.run(ServerSchedulerReportingWrapper.java:23)
	at java.util.concurrent.ThreadPoolExecutor.runWorker(ThreadPoolExecutor.java:1149)
	at java.util.concurrent.ThreadPoolExecutor$Worker.run(ThreadPoolExecutor.java:624)
	at java.lang.Thread.run(Thread.java:750)

[12-15 20:01:48]: [FINE] Frntts logged in 100.80.245.25
[12-15 20:05:56]: [INFO] AuthMe 5.6.0-bCUSTOM disabled!
[12-15 20:07:30]: [INFO] SQLite Setup finished
[12-15 20:07:30]: [INFO] Hooked into LuckPerms!
[12-15 20:07:30]: [INFO] Hooked successfully into Essentials
[12-15 20:07:30]: [INFO] Hooked successfully into Multiverse-Core
[12-15 20:07:30]: [INFO] Essentials spawn file not found: '/workspaces/Mc-Server/servidor_minecraft/plugins/Essentials/spawn.yml'
[12-15 20:07:30]: [INFO] AuthMe 5.6.0 build n.CUSTOM successfully enabled!
[12-15 20:07:31]: [INFO] Downloading GEO IP database, because the old database is older than 30 days or doesn't exist
[12-15 20:07:31]: [WARN] No MaxMind credentials found in the configuration file! GeoIp protections will be disabled.
[12-15 20:07:31]: [INFO] There is no newer GEO IP database uploaded to MaxMind. Using the old one for now.
[12-15 20:07:31]: [WARN] Could not download GeoLiteAPI database [FileNotFoundException]: plugins/AuthMe/GeoLite2-Country.mmdb (No such file or directory)
[12-15 20:07:31]: java.io.FileNotFoundException: plugins/AuthMe/GeoLite2-Country.mmdb (No such file or directory)
	at java.io.RandomAccessFile.open0(Native Method)
	at java.io.RandomAccessFile.open(RandomAccessFile.java:316)
	at java.io.RandomAccessFile.<init>(RandomAccessFile.java:243)
	at fr.xephi.authme.libs.com.maxmind.db.BufferHolder.<init>(BufferHolder.java:20)
	at fr.xephi.authme.libs.com.maxmind.db.Reader.<init>(Reader.java:121)
	at fr.xephi.authme.service.GeoIpService.startReading(GeoIpService.java:179)
	at fr.xephi.authme.service.GeoIpService.updateDatabase(GeoIpService.java:150)
	at org.bukkit.craftbukkit.v1_8_R3.scheduler.CraftTask.run(CraftTask.java:59)
	at org.bukkit.craftbukkit.v1_8_R3.scheduler.CraftAsyncTask.run(CraftAsyncTask.java:53)
	at org.github.paperspigot.ServerSchedulerReportingWrapper.run(ServerSchedulerReportingWrapper.java:23)
	at java.util.concurrent.ThreadPoolExecutor.runWorker(ThreadPoolExecutor.java:1149)
	at java.util.concurrent.ThreadPoolExecutor$Worker.run(ThreadPoolExecutor.java:624)
	at java.lang.Thread.run(Thread.java:750)

[12-15 20:07:45]: [FINE] Frntts logged in 100.80.245.25
[12-15 20:11:56]: [INFO] AuthMe 5.6.0-bCUSTOM disabled!
[12-15 20:15:16]: [INFO] SQLite Setup finished
[12-15 20:15:16]: [INFO] Hooked into LuckPerms!
[12-15 20:15:16]: [INFO] Hooked successfully into Essentials
[12-15 20:15:16]: [INFO] Hooked successfully into Multiverse-Core
[12-15 20:15:16]: [INFO] Essentials spawn file not found: '/workspaces/Mc-Server/servidor_minecraft/plugins/Essentials/spawn.yml'
[12-15 20:15:16]: [INFO] AuthMe 5.6.0 build n.CUSTOM successfully enabled!
[12-15 20:15:18]: [INFO] Downloading GEO IP database, because the old database is older than 30 days or doesn't exist
[12-15 20:15:18]: [WARN] No MaxMind credentials found in the configuration file! GeoIp protections will be disabled.
[12-15 20:15:18]: [INFO] There is no newer GEO IP database uploaded to MaxMind. Using the old one for now.
[12-15 20:15:18]: [WARN] Could not download GeoLiteAPI database [FileNotFoundException]: plugins/AuthMe/GeoLite2-Country.mmdb (No such file or directory)
[12-15 20:15:18]: java.io.FileNotFoundException: plugins/AuthMe/GeoLite2-Country.mmdb (No such file or directory)
	at java.io.RandomAccessFile.open0(Native Method)
	at java.io.RandomAccessFile.open(RandomAccessFile.java:316)
	at java.io.RandomAccessFile.<init>(RandomAccessFile.java:243)
	at fr.xephi.authme.libs.com.maxmind.db.BufferHolder.<init>(BufferHolder.java:20)
	at fr.xephi.authme.libs.com.maxmind.db.Reader.<init>(Reader.java:121)
	at fr.xephi.authme.service.GeoIpService.startReading(GeoIpService.java:179)
	at fr.xephi.authme.service.GeoIpService.updateDatabase(GeoIpService.java:150)
	at org.bukkit.craftbukkit.v1_8_R3.scheduler.CraftTask.run(CraftTask.java:59)
	at org.bukkit.craftbukkit.v1_8_R3.scheduler.CraftAsyncTask.run(CraftAsyncTask.java:53)
	at org.github.paperspigot.ServerSchedulerReportingWrapper.run(ServerSchedulerReportingWrapper.java:23)
	at java.util.concurrent.ThreadPoolExecutor.runWorker(ThreadPoolExecutor.java:1149)
	at java.util.concurrent.ThreadPoolExecutor$Worker.run(ThreadPoolExecutor.java:624)
	at java.lang.Thread.run(Thread.java:750)

[12-15 20:15:57]: [FINE] Frntts logged in 100.80.245.25
[12-15 20:17:13]: [INFO] AuthMe 5.6.0-bCUSTOM disabled!
[12-15 20:17:45]: [INFO] SQLite Setup finished
[12-15 20:17:45]: [INFO] Hooked into LuckPerms!
[12-15 20:17:45]: [INFO] Hooked successfully into Essentials
[12-15 20:17:45]: [INFO] Hooked successfully into Multiverse-Core
[12-15 20:17:45]: [INFO] Essentials spawn file not found: '/workspaces/Mc-Server/servidor_minecraft/plugins/Essentials/spawn.yml'
[12-15 20:17:45]: [INFO] AuthMe 5.6.0 build n.CUSTOM successfully enabled!
[12-15 20:17:47]: [INFO] Downloading GEO IP database, because the old database is older than 30 days or doesn't exist
[12-15 20:17:47]: [WARN] No MaxMind credentials found in the configuration file! GeoIp protections will be disabled.
[12-15 20:17:47]: [INFO] There is no newer GEO IP database uploaded to MaxMind. Using the old one for now.
[12-15 20:17:47]: [WARN] Could not download GeoLiteAPI database [FileNotFoundException]: plugins/AuthMe/GeoLite2-Country.mmdb (No such file or directory)
[12-15 20:17:47]: java.io.FileNotFoundException: plugins/AuthMe/GeoLite2-Country.mmdb (No such file or directory)
	at java.io.RandomAccessFile.open0(Native Method)
	at java.io.RandomAccessFile.open(RandomAccessFile.java:316)
	at java.io.RandomAccessFile.<init>(RandomAccessFile.java:243)
	at fr.xephi.authme.libs.com.maxmind.db.BufferHolder.<init>(BufferHolder.java:20)
	at fr.xephi.authme.libs.com.maxmind.db.Reader.<init>(Reader.java:121)
	at fr.xephi.authme.service.GeoIpService.startReading(GeoIpService.java:179)
	at fr.xephi.authme.service.GeoIpService.updateDatabase(GeoIpService.java:150)
	at org.bukkit.craftbukkit.v1_8_R3.scheduler.CraftTask.run(CraftTask.java:59)
	at org.bukkit.craftbukkit.v1_8_R3.scheduler.CraftAsyncTask.run(CraftAsyncTask.java:53)
	at org.github.paperspigot.ServerSchedulerReportingWrapper.run(ServerSchedulerReportingWrapper.java:23)
	at java.util.concurrent.ThreadPoolExecutor.runWorker(ThreadPoolExecutor.java:1149)
	at java.util.concurrent.ThreadPoolExecutor$Worker.run(ThreadPoolExecutor.java:624)
	at java.lang.Thread.run(Thread.java:750)

[12-15 20:20:10]: [FINE] Frntts logged in 100.80.245.25
[12-15 20:23:04]: [FINE] Frntts logged in 100.80.245.25
[12-15 21:03:27]: [INFO] AuthMe 5.6.0-bCUSTOM disabled!
[12-15 21:09:34]: [INFO] SQLite Setup finished
[12-15 21:09:34]: [INFO] Hooked into LuckPerms!
[12-15 21:09:34]: [INFO] Hooked successfully into Essentials
[12-15 21:09:34]: [INFO] Hooked successfully into Multiverse-Core
[12-15 21:09:34]: [INFO] Essentials spawn file not found: '/workspaces/Mc-Server/servidor_minecraft/plugins/Essentials/spawn.yml'
[12-15 21:09:34]: [INFO] AuthMe 5.6.0 build n.CUSTOM successfully enabled!
[12-15 21:09:35]: [INFO] Downloading GEO IP database, because the old database is older than 30 days or doesn't exist
[12-15 21:09:35]: [WARN] No MaxMind credentials found in the configuration file! GeoIp protections will be disabled.
[12-15 21:09:35]: [INFO] There is no newer GEO IP database uploaded to MaxMind. Using the old one for now.
[12-15 21:09:35]: [WARN] Could not download GeoLiteAPI database [FileNotFoundException]: plugins/AuthMe/GeoLite2-Country.mmdb (No such file or directory)
[12-15 21:09:35]: java.io.FileNotFoundException: plugins/AuthMe/GeoLite2-Country.mmdb (No such file or directory)
	at java.io.RandomAccessFile.open0(Native Method)
	at java.io.RandomAccessFile.open(RandomAccessFile.java:316)
	at java.io.RandomAccessFile.<init>(RandomAccessFile.java:243)
	at fr.xephi.authme.libs.com.maxmind.db.BufferHolder.<init>(BufferHolder.java:20)
	at fr.xephi.authme.libs.com.maxmind.db.Reader.<init>(Reader.java:121)
	at fr.xephi.authme.service.GeoIpService.startReading(GeoIpService.java:179)
	at fr.xephi.authme.service.GeoIpService.updateDatabase(GeoIpService.java:150)
	at org.bukkit.craftbukkit.v1_8_R3.scheduler.CraftTask.run(CraftTask.java:59)
	at org.bukkit.craftbukkit.v1_8_R3.scheduler.CraftAsyncTask.run(CraftAsyncTask.java:53)
	at org.github.paperspigot.ServerSchedulerReportingWrapper.run(ServerSchedulerReportingWrapper.java:23)
	at java.util.concurrent.ThreadPoolExecutor.runWorker(ThreadPoolExecutor.java:1149)
	at java.util.concurrent.ThreadPoolExecutor$Worker.run(ThreadPoolExecutor.java:624)
	at java.lang.Thread.run(Thread.java:750)

[12-15 21:10:05]: [FINE] Frntts logged in 100.80.245.25
[12-15 21:42:10]: [INFO] AuthMe 5.6.0-bCUSTOM disabled!
[12-15 21:46:13]: [INFO] SQLite Setup finished
[12-15 21:46:13]: [INFO] Hooked into LuckPerms!
[12-15 21:46:13]: [INFO] Hooked successfully into Essentials
[12-15 21:46:13]: [INFO] Hooked successfully into Multiverse-Core
[12-15 21:46:13]: [INFO] AuthMe 5.6.0 build n.CUSTOM successfully enabled!
[12-15 21:46:15]: [INFO] Downloading GEO IP database, because the old database is older than 30 days or doesn't exist
[12-15 21:46:15]: [WARN] No MaxMind credentials found in the configuration file! GeoIp protections will be disabled.
[12-15 21:46:15]: [INFO] There is no newer GEO IP database uploaded to MaxMind. Using the old one for now.
[12-15 21:46:15]: [WARN] Could not download GeoLiteAPI database [FileNotFoundException]: plugins/AuthMe/GeoLite2-Country.mmdb (No such file or directory)
[12-15 21:46:15]: java.io.FileNotFoundException: plugins/AuthMe/GeoLite2-Country.mmdb (No such file or directory)
	at java.io.RandomAccessFile.open0(Native Method)
	at java.io.RandomAccessFile.open(RandomAccessFile.java:316)
	at java.io.RandomAccessFile.<init>(RandomAccessFile.java:243)
	at fr.xephi.authme.libs.com.maxmind.db.BufferHolder.<init>(BufferHolder.java:20)
	at fr.xephi.authme.libs.com.maxmind.db.Reader.<init>(Reader.java:121)
	at fr.xephi.authme.service.GeoIpService.startReading(GeoIpService.java:179)
	at fr.xephi.authme.service.GeoIpService.updateDatabase(GeoIpService.java:150)
	at org.bukkit.craftbukkit.v1_8_R3.scheduler.CraftTask.run(CraftTask.java:59)
	at org.bukkit.craftbukkit.v1_8_R3.scheduler.CraftAsyncTask.run(CraftAsyncTask.java:53)
	at org.github.paperspigot.ServerSchedulerReportingWrapper.run(ServerSchedulerReportingWrapper.java:23)
	at java.util.concurrent.ThreadPoolExecutor.runWorker(ThreadPoolExecutor.java:1149)
	at java.util.concurrent.ThreadPoolExecutor$Worker.run(ThreadPoolExecutor.java:624)
	at java.lang.Thread.run(Thread.java:750)

[12-15 21:49:02]: [FINE] Frntts logged in 100.80.245.25
[12-15 21:51:37]: [INFO] AuthMe 5.6.0-bCUSTOM disabled!
[12-15 21:52:27]: [INFO] SQLite Setup finished
[12-15 21:52:27]: [INFO] Hooked into LuckPerms!
[12-15 21:52:27]: [INFO] Hooked successfully into Essentials
[12-15 21:52:27]: [INFO] Hooked successfully into Multiverse-Core
[12-15 21:52:27]: [INFO] AuthMe 5.6.0 build n.CUSTOM successfully enabled!
[12-15 21:52:29]: [INFO] Downloading GEO IP database, because the old database is older than 30 days or doesn't exist
[12-15 21:52:29]: [WARN] No MaxMind credentials found in the configuration file! GeoIp protections will be disabled.
[12-15 21:52:29]: [INFO] There is no newer GEO IP database uploaded to MaxMind. Using the old one for now.
[12-15 21:52:29]: [WARN] Could not download GeoLiteAPI database [FileNotFoundException]: plugins/AuthMe/GeoLite2-Country.mmdb (No such file or directory)
[12-15 21:52:29]: java.io.FileNotFoundException: plugins/AuthMe/GeoLite2-Country.mmdb (No such file or directory)
	at java.io.RandomAccessFile.open0(Native Method)
	at java.io.RandomAccessFile.open(RandomAccessFile.java:316)
	at java.io.RandomAccessFile.<init>(RandomAccessFile.java:243)
	at fr.xephi.authme.libs.com.maxmind.db.BufferHolder.<init>(BufferHolder.java:20)
	at fr.xephi.authme.libs.com.maxmind.db.Reader.<init>(Reader.java:121)
	at fr.xephi.authme.service.GeoIpService.startReading(GeoIpService.java:179)
	at fr.xephi.authme.service.GeoIpService.updateDatabase(GeoIpService.java:150)
	at org.bukkit.craftbukkit.v1_8_R3.scheduler.CraftTask.run(CraftTask.java:59)
	at org.bukkit.craftbukkit.v1_8_R3.scheduler.CraftAsyncTask.run(CraftAsyncTask.java:53)
	at org.github.paperspigot.ServerSchedulerReportingWrapper.run(ServerSchedulerReportingWrapper.java:23)
	at java.util.concurrent.ThreadPoolExecutor.runWorker(ThreadPoolExecutor.java:1149)
	at java.util.concurrent.ThreadPoolExecutor$Worker.run(ThreadPoolExecutor.java:624)
	at java.lang.Thread.run(Thread.java:750)

[12-15 21:52:43]: [FINE] Frntts logged in 100.80.245.25
[12-15 22:01:00]: [FINE] Frntts logged in 100.80.245.25
[12-15 22:01:28]: [FINE] Frntts logged in 100.80.245.25
[12-15 22:02:31]: [INFO] SQLite Setup finished
[12-15 22:02:31]: [INFO] Unhooked from Permissions!
[12-15 22:02:31]: [INFO] Hooked into LuckPerms!
[12-15 22:02:38]: [FINE] Frntts logged in 100.80.245.25
[12-15 22:13:41]: [INFO] AuthMe 5.6.0-bCUSTOM disabled!
[12-15 22:18:10]: [INFO] SQLite Setup finished
[12-15 22:18:10]: [INFO] Hooked into LuckPerms!
[12-15 22:18:10]: [INFO] Hooked successfully into Essentials
[12-15 22:18:10]: [INFO] Hooked successfully into Multiverse-Core
[12-15 22:18:11]: [INFO] AuthMe 5.6.0 build n.CUSTOM successfully enabled!
[12-15 22:18:12]: [INFO] Downloading GEO IP database, because the old database is older than 30 days or doesn't exist
[12-15 22:18:12]: [WARN] No MaxMind credentials found in the configuration file! GeoIp protections will be disabled.
[12-15 22:18:12]: [INFO] There is no newer GEO IP database uploaded to MaxMind. Using the old one for now.
[12-15 22:18:12]: [WARN] Could not download GeoLiteAPI database [FileNotFoundException]: plugins/AuthMe/GeoLite2-Country.mmdb (No such file or directory)
[12-15 22:18:12]: java.io.FileNotFoundException: plugins/AuthMe/GeoLite2-Country.mmdb (No such file or directory)
	at java.io.RandomAccessFile.open0(Native Method)
	at java.io.RandomAccessFile.open(RandomAccessFile.java:316)
	at java.io.RandomAccessFile.<init>(RandomAccessFile.java:243)
	at fr.xephi.authme.libs.com.maxmind.db.BufferHolder.<init>(BufferHolder.java:20)
	at fr.xephi.authme.libs.com.maxmind.db.Reader.<init>(Reader.java:121)
	at fr.xephi.authme.service.GeoIpService.startReading(GeoIpService.java:179)
	at fr.xephi.authme.service.GeoIpService.updateDatabase(GeoIpService.java:150)
	at org.bukkit.craftbukkit.v1_8_R3.scheduler.CraftTask.run(CraftTask.java:59)
	at org.bukkit.craftbukkit.v1_8_R3.scheduler.CraftAsyncTask.run(CraftAsyncTask.java:53)
	at org.github.paperspigot.ServerSchedulerReportingWrapper.run(ServerSchedulerReportingWrapper.java:23)
	at java.util.concurrent.ThreadPoolExecutor.runWorker(ThreadPoolExecutor.java:1149)
	at java.util.concurrent.ThreadPoolExecutor$Worker.run(ThreadPoolExecutor.java:624)
	at java.lang.Thread.run(Thread.java:750)

[12-15 22:20:45]: [FINE] Frntts logged in 100.80.245.25
[12-15 22:24:05]: [FINE] Frntts logged in 100.80.245.25
[12-15 22:25:41]: [FINE] Frntts logged in 100.80.245.25
[12-15 22:30:44]: [FINE] Frntts logged in 100.80.245.25
[12-15 22:32:27]: [INFO] Unhooked from Permissions!
[12-15 22:32:27]: [INFO] Hooked into LuckPerms!
[12-15 22:32:27]: [INFO] SQLite Setup finished
[12-15 22:32:33]: [FINE] Frntts logged in 100.80.245.25
[12-15 22:32:50]: [INFO] Unhooked from Permissions!
[12-15 22:32:50]: [INFO] Hooked into LuckPerms!
[12-15 22:32:50]: [INFO] SQLite Setup finished
[12-15 22:32:55]: [FINE] Frntts logged in 100.80.245.25
[12-15 22:36:10]: [FINE] Frntts logged in 100.80.245.25
[12-15 22:36:44]: [FINE] Frntts logged in 100.80.245.25
