02.01.2025 - 03:47:54 - [TAB v5.0.3] Player placeholder %luckperms-prefix% generated an error when setting for player Frantt214133
02.01.2025 - 03:47:54 - java.lang.IllegalStateException: zip file closed
02.01.2025 - 03:47:54 - 	at java.base/java.util.zip.ZipFile.ensureOpen(ZipFile.java:839)
02.01.2025 - 03:47:54 - 	at java.base/java.util.zip.ZipFile.getMetaInfVersions(ZipFile.java:1084)
02.01.2025 - 03:47:54 - 	at java.base/java.util.zip.ZipFile$1.getMetaInfVersions(ZipFile.java:1127)
02.01.2025 - 03:47:54 - 	at java.base/java.util.jar.JarFile.getVersionedEntry(JarFile.java:602)
02.01.2025 - 03:47:54 - 	at java.base/java.util.jar.JarFile.getEntry(JarFile.java:511)
02.01.2025 - 03:47:54 - 	at java.base/java.util.jar.JarFile.getJarEntry(JarFile.java:472)
02.01.2025 - 03:47:54 - 	at org.bukkit.plugin.java.PluginClassLoader.findClass(PluginClassLoader.java:163)
02.01.2025 - 03:47:54 - 	at java.base/java.lang.ClassLoader.loadClass(ClassLoader.java:592)
02.01.2025 - 03:47:54 - 	at org.bukkit.plugin.java.PluginClassLoader.loadClass0(PluginClassLoader.java:108)
02.01.2025 - 03:47:54 - 	at org.bukkit.plugin.java.JavaPluginLoader.getClassByName(JavaPluginLoader.java:235)
02.01.2025 - 03:47:54 - 	at org.bukkit.plugin.java.PluginClassLoader.loadClass0(PluginClassLoader.java:126)
02.01.2025 - 03:47:54 - 	at org.bukkit.plugin.java.PluginClassLoader.loadClass(PluginClassLoader.java:103)
02.01.2025 - 03:47:54 - 	at java.base/java.lang.ClassLoader.loadClass(ClassLoader.java:579)
02.01.2025 - 03:47:54 - 	at java.base/java.lang.ClassLoader.loadClass(ClassLoader.java:525)
02.01.2025 - 03:47:54 - 	at me.lucko.luckperms.lib.caffeine.cache.BoundedLocalCache.put(BoundedLocalCache.java:2111)
02.01.2025 - 03:47:54 - 	at me.lucko.luckperms.lib.caffeine.cache.BoundedLocalCache.put(BoundedLocalCache.java:1984)
02.01.2025 - 03:47:54 - 	at java.base/java.util.Collections$SetFromMap.add(Collections.java:5685)
02.01.2025 - 03:47:54 - 	at me.lucko.luckperms.common.model.manager.user.UserHousekeeper.registerApiUsage(UserHousekeeper.java:63)
02.01.2025 - 03:47:54 - 	at me.lucko.luckperms.common.api.implementation.ApiUserManager.proxyAndRegisterUsage(ApiUserManager.java:65)
02.01.2025 - 03:47:54 - 	at me.lucko.luckperms.common.api.implementation.ApiUserManager.getUser(ApiUserManager.java:157)
02.01.2025 - 03:47:54 - 	at TAB v5.0.3.jar//me.neznamy.tab.shared.hook.LuckPermsHook.getValue(LuckPermsHook.java:72)
02.01.2025 - 03:47:54 - 	at TAB v5.0.3.jar//me.neznamy.tab.shared.hook.LuckPermsHook.getPrefix(LuckPermsHook.java:47)
02.01.2025 - 03:47:54 - 	at TAB v5.0.3.jar//me.neznamy.tab.shared.placeholders.UniversalPlaceholderRegistry.lambda$registerPlayerPlaceholders$22(UniversalPlaceholderRegistry.java:124)
02.01.2025 - 03:47:54 - 	at TAB v5.0.3.jar//me.neznamy.tab.shared.placeholders.types.PlayerPlaceholderImpl.request(PlayerPlaceholderImpl.java:153)
02.01.2025 - 03:47:54 - 	at TAB v5.0.3.jar//me.neznamy.tab.shared.placeholders.PlaceholderRefreshTask.run(PlaceholderRefreshTask.java:59)
02.01.2025 - 03:47:54 - 	at TAB v5.0.3.jar//me.neznamy.tab.shared.features.PlaceholderManagerImpl.lambda$refresh$1(PlaceholderManagerImpl.java:85)
02.01.2025 - 03:47:54 - 	at TAB v5.0.3.jar//me.neznamy.tab.shared.cpu.TimedCaughtTask.run(TimedCaughtTask.java:28)
02.01.2025 - 03:47:54 - 	at java.base/java.util.concurrent.Executors$RunnableAdapter.call(Executors.java:539)
02.01.2025 - 03:47:54 - 	at java.base/java.util.concurrent.FutureTask.run(FutureTask.java:264)
02.01.2025 - 03:47:54 - 	at java.base/java.util.concurrent.ScheduledThreadPoolExecutor$ScheduledFutureTask.run(ScheduledThreadPoolExecutor.java:304)
02.01.2025 - 03:47:54 - 	at java.base/java.util.concurrent.ThreadPoolExecutor.runWorker(ThreadPoolExecutor.java:1136)
02.01.2025 - 03:47:54 - 	at java.base/java.util.concurrent.ThreadPoolExecutor$Worker.run(ThreadPoolExecutor.java:635)
02.01.2025 - 03:47:54 - 	at java.base/java.lang.Thread.run(Thread.java:840)
02.01.2025 - 03:48:42 - [TAB v5.0.3] Player placeholder %luckperms-prefix% generated an error when setting for player Frantt214133
02.01.2025 - 03:48:42 - java.lang.IllegalStateException: zip file closed
02.01.2025 - 03:48:42 - 	at java.base/java.util.zip.ZipFile.ensureOpen(ZipFile.java:839)
02.01.2025 - 03:48:42 - 	at java.base/java.util.zip.ZipFile.getMetaInfVersions(ZipFile.java:1084)
02.01.2025 - 03:48:42 - 	at java.base/java.util.zip.ZipFile$1.getMetaInfVersions(ZipFile.java:1127)
02.01.2025 - 03:48:42 - 	at java.base/java.util.jar.JarFile.getVersionedEntry(JarFile.java:602)
02.01.2025 - 03:48:42 - 	at java.base/java.util.jar.JarFile.getEntry(JarFile.java:511)
02.01.2025 - 03:48:42 - 	at java.base/java.util.jar.JarFile.getJarEntry(JarFile.java:472)
02.01.2025 - 03:48:42 - 	at org.bukkit.plugin.java.PluginClassLoader.findClass(PluginClassLoader.java:163)
02.01.2025 - 03:48:42 - 	at java.base/java.lang.ClassLoader.loadClass(ClassLoader.java:592)
02.01.2025 - 03:48:42 - 	at org.bukkit.plugin.java.PluginClassLoader.loadClass0(PluginClassLoader.java:108)
02.01.2025 - 03:48:42 - 	at org.bukkit.plugin.java.JavaPluginLoader.getClassByName(JavaPluginLoader.java:235)
02.01.2025 - 03:48:42 - 	at org.bukkit.plugin.java.PluginClassLoader.loadClass0(PluginClassLoader.java:126)
02.01.2025 - 03:48:42 - 	at org.bukkit.plugin.java.PluginClassLoader.loadClass(PluginClassLoader.java:103)
02.01.2025 - 03:48:42 - 	at java.base/java.lang.ClassLoader.loadClass(ClassLoader.java:579)
02.01.2025 - 03:48:42 - 	at java.base/java.lang.ClassLoader.loadClass(ClassLoader.java:525)
02.01.2025 - 03:48:42 - 	at me.lucko.luckperms.lib.caffeine.cache.BoundedLocalCache.put(BoundedLocalCache.java:2111)
02.01.2025 - 03:48:42 - 	at me.lucko.luckperms.lib.caffeine.cache.BoundedLocalCache.put(BoundedLocalCache.java:1984)
02.01.2025 - 03:48:42 - 	at java.base/java.util.Collections$SetFromMap.add(Collections.java:5685)
02.01.2025 - 03:48:42 - 	at me.lucko.luckperms.common.model.manager.user.UserHousekeeper.registerApiUsage(UserHousekeeper.java:63)
02.01.2025 - 03:48:42 - 	at me.lucko.luckperms.common.api.implementation.ApiUserManager.proxyAndRegisterUsage(ApiUserManager.java:65)
02.01.2025 - 03:48:42 - 	at me.lucko.luckperms.common.api.implementation.ApiUserManager.getUser(ApiUserManager.java:157)
02.01.2025 - 03:48:42 - 	at TAB v5.0.3.jar//me.neznamy.tab.shared.hook.LuckPermsHook.getValue(LuckPermsHook.java:72)
02.01.2025 - 03:48:42 - 	at TAB v5.0.3.jar//me.neznamy.tab.shared.hook.LuckPermsHook.getPrefix(LuckPermsHook.java:47)
02.01.2025 - 03:48:42 - 	at TAB v5.0.3.jar//me.neznamy.tab.shared.placeholders.UniversalPlaceholderRegistry.lambda$registerPlayerPlaceholders$22(UniversalPlaceholderRegistry.java:124)
02.01.2025 - 03:48:42 - 	at TAB v5.0.3.jar//me.neznamy.tab.shared.placeholders.types.PlayerPlaceholderImpl.request(PlayerPlaceholderImpl.java:153)
02.01.2025 - 03:48:42 - 	at TAB v5.0.3.jar//me.neznamy.tab.shared.placeholders.PlaceholderRefreshTask.run(PlaceholderRefreshTask.java:59)
02.01.2025 - 03:48:42 - 	at TAB v5.0.3.jar//me.neznamy.tab.shared.features.PlaceholderManagerImpl.lambda$refresh$1(PlaceholderManagerImpl.java:85)
02.01.2025 - 03:48:42 - 	at TAB v5.0.3.jar//me.neznamy.tab.shared.cpu.TimedCaughtTask.run(TimedCaughtTask.java:28)
02.01.2025 - 03:48:42 - 	at java.base/java.util.concurrent.Executors$RunnableAdapter.call(Executors.java:539)
02.01.2025 - 03:48:42 - 	at java.base/java.util.concurrent.FutureTask.run(FutureTask.java:264)
02.01.2025 - 03:48:42 - 	at java.base/java.util.concurrent.ScheduledThreadPoolExecutor$ScheduledFutureTask.run(ScheduledThreadPoolExecutor.java:304)
02.01.2025 - 03:48:42 - 	at java.base/java.util.concurrent.ThreadPoolExecutor.runWorker(ThreadPoolExecutor.java:1136)
02.01.2025 - 03:48:42 - 	at java.base/java.util.concurrent.ThreadPoolExecutor$Worker.run(ThreadPoolExecutor.java:635)
02.01.2025 - 03:48:42 - 	at java.base/java.lang.Thread.run(Thread.java:840)
02.01.2025 - 03:50:03 - [TAB v5.0.3] Player placeholder %luckperms-prefix% generated an error when setting for player Frantt214133
02.01.2025 - 03:50:03 - java.lang.IllegalStateException: zip file closed
02.01.2025 - 03:50:03 - 	at java.base/java.util.zip.ZipFile.ensureOpen(ZipFile.java:839)
02.01.2025 - 03:50:03 - 	at java.base/java.util.zip.ZipFile.getMetaInfVersions(ZipFile.java:1084)
02.01.2025 - 03:50:03 - 	at java.base/java.util.zip.ZipFile$1.getMetaInfVersions(ZipFile.java:1127)
02.01.2025 - 03:50:03 - 	at java.base/java.util.jar.JarFile.getVersionedEntry(JarFile.java:602)
02.01.2025 - 03:50:03 - 	at java.base/java.util.jar.JarFile.getEntry(JarFile.java:511)
02.01.2025 - 03:50:03 - 	at java.base/java.util.jar.JarFile.getJarEntry(JarFile.java:472)
02.01.2025 - 03:50:03 - 	at org.bukkit.plugin.java.PluginClassLoader.findClass(PluginClassLoader.java:163)
02.01.2025 - 03:50:03 - 	at java.base/java.lang.ClassLoader.loadClass(ClassLoader.java:592)
02.01.2025 - 03:50:03 - 	at org.bukkit.plugin.java.PluginClassLoader.loadClass0(PluginClassLoader.java:108)
02.01.2025 - 03:50:03 - 	at org.bukkit.plugin.java.JavaPluginLoader.getClassByName(JavaPluginLoader.java:235)
02.01.2025 - 03:50:03 - 	at org.bukkit.plugin.java.PluginClassLoader.loadClass0(PluginClassLoader.java:126)
02.01.2025 - 03:50:03 - 	at org.bukkit.plugin.java.PluginClassLoader.loadClass(PluginClassLoader.java:103)
02.01.2025 - 03:50:03 - 	at java.base/java.lang.ClassLoader.loadClass(ClassLoader.java:579)
02.01.2025 - 03:50:03 - 	at java.base/java.lang.ClassLoader.loadClass(ClassLoader.java:525)
02.01.2025 - 03:50:03 - 	at me.lucko.luckperms.lib.caffeine.cache.BoundedLocalCache.put(BoundedLocalCache.java:2111)
02.01.2025 - 03:50:03 - 	at me.lucko.luckperms.lib.caffeine.cache.BoundedLocalCache.put(BoundedLocalCache.java:1984)
02.01.2025 - 03:50:03 - 	at java.base/java.util.Collections$SetFromMap.add(Collections.java:5685)
02.01.2025 - 03:50:03 - 	at me.lucko.luckperms.common.model.manager.user.UserHousekeeper.registerApiUsage(UserHousekeeper.java:63)
02.01.2025 - 03:50:03 - 	at me.lucko.luckperms.common.api.implementation.ApiUserManager.proxyAndRegisterUsage(ApiUserManager.java:65)
02.01.2025 - 03:50:03 - 	at me.lucko.luckperms.common.api.implementation.ApiUserManager.getUser(ApiUserManager.java:157)
02.01.2025 - 03:50:03 - 	at TAB v5.0.3.jar//me.neznamy.tab.shared.hook.LuckPermsHook.getValue(LuckPermsHook.java:72)
02.01.2025 - 03:50:03 - 	at TAB v5.0.3.jar//me.neznamy.tab.shared.hook.LuckPermsHook.getPrefix(LuckPermsHook.java:47)
02.01.2025 - 03:50:03 - 	at TAB v5.0.3.jar//me.neznamy.tab.shared.placeholders.UniversalPlaceholderRegistry.lambda$registerPlayerPlaceholders$22(UniversalPlaceholderRegistry.java:124)
02.01.2025 - 03:50:03 - 	at TAB v5.0.3.jar//me.neznamy.tab.shared.placeholders.types.PlayerPlaceholderImpl.request(PlayerPlaceholderImpl.java:153)
02.01.2025 - 03:50:03 - 	at TAB v5.0.3.jar//me.neznamy.tab.shared.placeholders.PlaceholderRefreshTask.run(PlaceholderRefreshTask.java:59)
02.01.2025 - 03:50:03 - 	at TAB v5.0.3.jar//me.neznamy.tab.shared.features.PlaceholderManagerImpl.lambda$refresh$1(PlaceholderManagerImpl.java:85)
02.01.2025 - 03:50:03 - 	at TAB v5.0.3.jar//me.neznamy.tab.shared.cpu.TimedCaughtTask.run(TimedCaughtTask.java:28)
02.01.2025 - 03:50:03 - 	at java.base/java.util.concurrent.Executors$RunnableAdapter.call(Executors.java:539)
02.01.2025 - 03:50:03 - 	at java.base/java.util.concurrent.FutureTask.run(FutureTask.java:264)
02.01.2025 - 03:50:03 - 	at java.base/java.util.concurrent.ScheduledThreadPoolExecutor$ScheduledFutureTask.run(ScheduledThreadPoolExecutor.java:304)
02.01.2025 - 03:50:03 - 	at java.base/java.util.concurrent.ThreadPoolExecutor.runWorker(ThreadPoolExecutor.java:1136)
02.01.2025 - 03:50:03 - 	at java.base/java.util.concurrent.ThreadPoolExecutor$Worker.run(ThreadPoolExecutor.java:635)
02.01.2025 - 03:50:03 - 	at java.base/java.lang.Thread.run(Thread.java:840)
02.01.2025 - 03:50:22 - [TAB v5.0.3] Player placeholder %luckperms-prefix% generated an error when setting for player Frantt214133
02.01.2025 - 03:50:22 - java.lang.IllegalStateException: zip file closed
02.01.2025 - 03:50:22 - 	at java.base/java.util.zip.ZipFile.ensureOpen(ZipFile.java:839)
02.01.2025 - 03:50:22 - 	at java.base/java.util.zip.ZipFile.getMetaInfVersions(ZipFile.java:1084)
02.01.2025 - 03:50:22 - 	at java.base/java.util.zip.ZipFile$1.getMetaInfVersions(ZipFile.java:1127)
02.01.2025 - 03:50:22 - 	at java.base/java.util.jar.JarFile.getVersionedEntry(JarFile.java:602)
02.01.2025 - 03:50:22 - 	at java.base/java.util.jar.JarFile.getEntry(JarFile.java:511)
02.01.2025 - 03:50:22 - 	at java.base/java.util.jar.JarFile.getJarEntry(JarFile.java:472)
02.01.2025 - 03:50:22 - 	at org.bukkit.plugin.java.PluginClassLoader.findClass(PluginClassLoader.java:163)
02.01.2025 - 03:50:22 - 	at java.base/java.lang.ClassLoader.loadClass(ClassLoader.java:592)
02.01.2025 - 03:50:22 - 	at org.bukkit.plugin.java.PluginClassLoader.loadClass0(PluginClassLoader.java:108)
02.01.2025 - 03:50:22 - 	at org.bukkit.plugin.java.JavaPluginLoader.getClassByName(JavaPluginLoader.java:235)
02.01.2025 - 03:50:22 - 	at org.bukkit.plugin.java.PluginClassLoader.loadClass0(PluginClassLoader.java:126)
02.01.2025 - 03:50:22 - 	at org.bukkit.plugin.java.PluginClassLoader.loadClass(PluginClassLoader.java:103)
02.01.2025 - 03:50:22 - 	at java.base/java.lang.ClassLoader.loadClass(ClassLoader.java:579)
02.01.2025 - 03:50:22 - 	at java.base/java.lang.ClassLoader.loadClass(ClassLoader.java:525)
02.01.2025 - 03:50:22 - 	at me.lucko.luckperms.lib.caffeine.cache.BoundedLocalCache.put(BoundedLocalCache.java:2111)
02.01.2025 - 03:50:22 - 	at me.lucko.luckperms.lib.caffeine.cache.BoundedLocalCache.put(BoundedLocalCache.java:1984)
02.01.2025 - 03:50:22 - 	at java.base/java.util.Collections$SetFromMap.add(Collections.java:5685)
02.01.2025 - 03:50:22 - 	at me.lucko.luckperms.common.model.manager.user.UserHousekeeper.registerApiUsage(UserHousekeeper.java:63)
02.01.2025 - 03:50:22 - 	at me.lucko.luckperms.common.api.implementation.ApiUserManager.proxyAndRegisterUsage(ApiUserManager.java:65)
02.01.2025 - 03:50:22 - 	at me.lucko.luckperms.common.api.implementation.ApiUserManager.getUser(ApiUserManager.java:157)
02.01.2025 - 03:50:22 - 	at TAB v5.0.3.jar//me.neznamy.tab.shared.hook.LuckPermsHook.getValue(LuckPermsHook.java:72)
02.01.2025 - 03:50:22 - 	at TAB v5.0.3.jar//me.neznamy.tab.shared.hook.LuckPermsHook.getPrefix(LuckPermsHook.java:47)
02.01.2025 - 03:50:22 - 	at TAB v5.0.3.jar//me.neznamy.tab.shared.placeholders.UniversalPlaceholderRegistry.lambda$registerPlayerPlaceholders$22(UniversalPlaceholderRegistry.java:124)
02.01.2025 - 03:50:22 - 	at TAB v5.0.3.jar//me.neznamy.tab.shared.placeholders.types.PlayerPlaceholderImpl.request(PlayerPlaceholderImpl.java:153)
02.01.2025 - 03:50:22 - 	at TAB v5.0.3.jar//me.neznamy.tab.shared.placeholders.PlaceholderRefreshTask.run(PlaceholderRefreshTask.java:59)
02.01.2025 - 03:50:22 - 	at TAB v5.0.3.jar//me.neznamy.tab.shared.features.PlaceholderManagerImpl.lambda$refresh$1(PlaceholderManagerImpl.java:85)
02.01.2025 - 03:50:22 - 	at TAB v5.0.3.jar//me.neznamy.tab.shared.cpu.TimedCaughtTask.run(TimedCaughtTask.java:28)
02.01.2025 - 03:50:22 - 	at java.base/java.util.concurrent.Executors$RunnableAdapter.call(Executors.java:539)
02.01.2025 - 03:50:22 - 	at java.base/java.util.concurrent.FutureTask.run(FutureTask.java:264)
02.01.2025 - 03:50:22 - 	at java.base/java.util.concurrent.ScheduledThreadPoolExecutor$ScheduledFutureTask.run(ScheduledThreadPoolExecutor.java:304)
02.01.2025 - 03:50:22 - 	at java.base/java.util.concurrent.ThreadPoolExecutor.runWorker(ThreadPoolExecutor.java:1136)
02.01.2025 - 03:50:22 - 	at java.base/java.util.concurrent.ThreadPoolExecutor$Worker.run(ThreadPoolExecutor.java:635)
02.01.2025 - 03:50:22 - 	at java.base/java.lang.Thread.run(Thread.java:840)
