[22:48:58] [ServerMain/INFO]: Building unoptimized datafixer
[22:49:00] [ServerMain/INFO]: Environment: authHost='https://authserver.mojang.com', accountsHost='https://api.mojang.com', sessionHost='https://sessionserver.mojang.com', servicesHost='https://api.minecraftservices.com', name='PROD'
[22:49:02] [ServerMain/INFO]: Loaded 7 recipes
[22:49:04] [Server thread/INFO]: Starting minecraft server version 1.19
[22:49:04] [Server thread/INFO]: Loading properties
[22:49:04] [Server thread/INFO]: This server is running Paper version git-Paper-81 (MC: 1.19) (Implementing API version 1.19-R0.1-SNAPSHOT) (Git: 86f87ba)
[22:49:04] [Server thread/INFO]: Server Ping Player Sample Count: 12
[22:49:04] [Server thread/INFO]: Using 4 threads for Netty based IO
[22:49:05] [Server thread/INFO]: Default game type: SURVIVAL
[22:49:05] [Server thread/INFO]: Generating keypair
[22:49:05] [Server thread/INFO]: Starting Minecraft server on *:25565
[22:49:05] [Server thread/INFO]: Using epoll channel type
[22:49:06] [Server thread/INFO]: Paper: Using libdeflate (Linux x86_64) compression from Velocity.
[22:49:06] [Server thread/INFO]: Paper: Using OpenSSL 1.1.x (Linux x86_64) cipher from Velocity.
[22:49:07] [Server thread/ERROR]: [STDERR] [org.bukkit.craftbukkit.v1_19_R1.legacy.CraftLegacy] Initializing Legacy Material Support. Unless you have legacy plugins and/or data this is a bug!
[22:49:12] [Server thread/WARN]: Legacy plugin CustomJoinItems v1.5.2 does not specify an api-version.
[22:49:13] [Server thread/INFO]: [FastLogin] Initialize logging service
[22:49:13] [Server thread/INFO]: [FastLogin] Using legacy scheduler
[22:49:13] [Server thread/INFO]: [momojs] Loading momojs v1.0.3
[22:49:13] [Server thread/INFO]: [momojs] js engine provider is loaded
[22:49:13] [Server thread/INFO]: [PlaceholderAPI] Loading PlaceholderAPI v2.11.6
[22:49:13] [Server thread/INFO]: [SternalBoard] Loading SternalBoard v2.3.0
[22:49:13] [Server thread/INFO]: [ViaVersion] Loading ViaVersion v5.2.0
[22:49:13] [Server thread/INFO]: [ViaVersion] ViaVersion 5.2.0 is now loaded. Registering protocol transformers and injecting...
[22:49:14] [Via-Mappingloader-0/INFO]: [ViaVersion] Loading block connection mappings ...
[22:49:14] [Via-Mappingloader-0/INFO]: [ViaVersion] Using FastUtil Long2ObjectOpenHashMap for block connections
[22:49:14] [Server thread/INFO]: [ViaBackwards] Loading translations...
[22:49:14] [Server thread/INFO]: [ViaBackwards] Registering protocols...
[22:49:15] [Server thread/INFO]: [NBTAPI] Loading NBTAPI v2.14.1
[22:49:15] [Server thread/INFO]: [NBTAPI] [NBTAPI] Found Minecraft: v1_19_R1! Trying to find NMS support
[22:49:15] [Server thread/INFO]: [NBTAPI] [NBTAPI] NMS support 'MC1_19_R1' loaded!
[22:49:15] [Server thread/INFO]: [NBTAPI] [NBTAPI] Using the plugin 'NBTAPI' to create a bStats instance!
[22:49:15] [Server thread/INFO]: [CustomJoinItems] Loading CustomJoinItems v1.5.2
[22:49:15] [Server thread/INFO]: [ViaBackwards] Loading ViaBackwards v5.2.0
[22:49:15] [Server thread/INFO]: [LuckPerms] Loading LuckPerms v5.4.151
[22:49:16] [Server thread/INFO]: [ProtocolLib] Loading ProtocolLib v5.3.0
[22:49:16] [Thread-5/INFO]: [NBTAPI] [NBTAPI] The NBT-API seems to be up-to-date!
[22:49:16] [Server thread/INFO]: [SkinsRestorer] Loading SkinsRestorer v15.5.1
[22:49:16] [Server thread/INFO]: [AdvancedNMotd] Loading AdvancedNMotd v10.0.1
[22:49:16] [Server thread/INFO]: [Geyser-Spigot] Loading Geyser-Spigot v2.6.0-SNAPSHOT
[22:49:17] [Server thread/INFO]: [Geyser-Spigot] Loading extensions...
[22:49:17] [Server thread/INFO]: [Geyser-Spigot] Loaded 0 extension(s)
[22:49:17] [Server thread/INFO]: [Vault] Loading Vault v1.7.3-b131
[22:49:17] [Server thread/INFO]: [WorldEdit] Loading WorldEdit v7.2.14+6360-094b734
[22:49:18] [Server thread/INFO]: Got request to register class com.sk89q.worldedit.bukkit.BukkitServerInterface with WorldEdit [com.sk89q.worldedit.extension.platform.PlatformManager@a0b06c8]
[22:49:18] [Server thread/INFO]: [BetterSocial] Loading BetterSocial v1.4-BETA
[22:49:18] [Server thread/INFO]: [Essentials] Loading Essentials v2.21.0-dev+151-f2af952
[22:49:18] [Server thread/INFO]: [AlonsoLevels] Loading AlonsoLevels v2.3.2-BETA
[22:49:18] [Server thread/INFO]: [AdvancedBan] Loading AdvancedBan v2.3.0
[22:49:18] [Server thread/INFO]: [CommandPanels] Loading CommandPanels v3.21.4.4
[22:49:18] [Server thread/INFO]: [WorldGuard] Loading WorldGuard v7.0.8+33cdb4a
[22:49:18] [Server thread/INFO]: [Multiverse-Core] Loading Multiverse-Core v4.3.1-b861
[22:49:18] [Server thread/INFO]: [EssentialsChat] Loading EssentialsChat v2.21.0-dev+151-f2af952
[22:49:18] [Server thread/INFO]: [EconomyShopGUI] Loading EconomyShopGUI v6.10.1
[22:49:18] [Server thread/INFO]: [PlayerKits2] Loading PlayerKits2 v1.14.3
[22:49:18] [Server thread/INFO]: [TAB] Loading TAB v5.0.3
[22:49:18] [Server thread/INFO]: [ProtectionStones] Loading ProtectionStones v2.10.5
[22:49:18] [Server thread/INFO]: [MobMoney] Loading MobMoney v5.1.9
[22:49:18] [Server thread/INFO]: [SmoothTimber] Loading SmoothTimber v1.27.2
[22:49:18] [Server thread/INFO]: [EssentialsSpawn] Loading EssentialsSpawn v2.21.0-dev+151-f2af952
[22:49:18] [Server thread/INFO]: [AuthMe] Loading AuthMe v5.6.0-bCUSTOM
[22:49:18] [Server thread/INFO]: [BetterProfiles] Loading BetterProfiles v1.6-BETA
[22:49:18] [Server thread/INFO]: [BetterProfiles] Hex colors are available!
[22:49:18] [Server thread/INFO]: [BetterProfiles] Inventory title with support for more than 32 characters. Skipping..
[22:49:18] [Server thread/INFO]: [BetterProfiles] Old constructor for HoverEvent found! Using it..
[22:49:18] [Server thread/INFO]: [BetterProfiles] New sendTitle method found! Using it..
[22:49:18] [Server thread/INFO]: [BetterProfiles] New getItemInMainHand method found! Using it..
[22:49:18] [Server thread/INFO]: [BetterProfiles] WorldGuard found! Registering custom flag(s)..
[22:49:18] [Server thread/INFO]: [BetterProfiles] WorldGuard v7.x or newer detected. Using new methods..
[22:49:18] [Server thread/INFO]: [BetterProfiles] [WorldGuard] Successfully registered 'betterprofiles-can-view-profile' flag!
[22:49:18] [Server thread/INFO]: [ConditionalEvents] Loading ConditionalEvents v4.59.1
[22:49:18] [Server thread/INFO]: [FastLogin] Loading FastLogin v1.12-SNAPSHOT-927f09a
[22:49:18] [Server thread/INFO]: [PlugManX] Loading PlugManX v2.4.1
[22:49:18] [Server thread/INFO]: Server permissions file permissions.yml is empty, ignoring it
[22:49:18] [Server thread/INFO]: [momojs] Enabling momojs v1.0.3
[22:49:18] [Server thread/INFO]: [momojs] js engine provider is enabled
[22:49:18] [Server thread/INFO]: __momolib.js.nashorn.api.scripting.NashornScriptEngine@2cb7615c
[22:49:18] [Server thread/INFO]: [LuckPerms] Enabling LuckPerms v5.4.151
[22:49:19] [Server thread/INFO]:         __    
[22:49:19] [Server thread/INFO]:   |    |__)   LuckPerms v5.4.151
[22:49:19] [Server thread/INFO]:   |___ |      Running on Bukkit - Paper
[22:49:19] [Server thread/INFO]: 
[22:49:19] [Server thread/INFO]: [LuckPerms] Loading configuration...
[22:49:20] [Server thread/INFO]: [LuckPerms] Loading storage provider... [H2]
[22:49:20] [Server thread/INFO]: [LuckPerms] Loading internal permission managers...
[22:49:20] [Server thread/INFO]: [LuckPerms] Performing initial data load...
[22:49:20] [Server thread/INFO]: [LuckPerms] Successfully enabled. (took 2182ms)
[22:49:20] [Server thread/INFO]: [ProtocolLib] Enabling ProtocolLib v5.3.0
[22:49:21] [Server thread/INFO]: [SkinsRestorer] Enabling SkinsRestorer v15.5.1
[22:49:21] [Server thread/WARN]: [33;1m[[32;22mSkinsRestorer[33;1m] [0;39m[33;1mYou must agree to the rules at 'commands.perSkinPermissionsConsent' in the config to use per skin permissions.[0;39m
[22:49:22] [Server thread/INFO]: [33;1m[[32;22mSkinsRestorer[33;1m] [0;39m[32;1mRunning on Minecraft [33;1m1.19.0[32;1m.[0;39m
[22:49:23] [Server thread/INFO]: [33;1m[[32;22mSkinsRestorer[33;1m] [0;39mUsing paper join listener![0;39m
[22:49:23] [Server thread/INFO]: [PlaceholderAPI] Successfully registered internal expansion: skinsrestorer [15.5.1]
[22:49:23] [Server thread/INFO]: [33;1m[[32;22mSkinsRestorer[33;1m] [0;39mPlaceholderAPI expansion registered![0;39m
[22:49:23] [Server thread/WARN]: [33;1m[[32;22mSkinsRestorer[33;1m] [0;39m[33;1m[33;1mPlease update your Java runtime to at least Java 21 (your version is 17).[0;39m
[22:49:23] [Server thread/WARN]: [33;1m[[32;22mSkinsRestorer[33;1m] [0;39m[33;1m[33;1mAt some point in the future, SkinsRestorer will no longer be compatible with this version of Java.[0;39m
[22:49:23] [Server thread/INFO]: [Vault] Enabling Vault v1.7.3-b131
[22:49:23] [Server thread/WARN]: [Vault] Loaded class com.earth2me.essentials.api.Economy from Essentials v2.21.0-dev+151-f2af952 which is not a depend or softdepend of this plugin.
[22:49:23] [Server thread/INFO]: [Vault] [Economy] Essentials Economy found: Waiting
[22:49:23] [Server thread/INFO]: [Vault] [Permission] SuperPermissions loaded as backup permission system.
[22:49:23] [Server thread/INFO]: [Vault] Enabled Version 1.7.3-b131
[22:49:23] [Server thread/INFO]: [LuckPerms] Registered Vault permission & chat hook.
[22:49:23] [Server thread/INFO]: [WorldEdit] Enabling WorldEdit v7.2.14+6360-094b734
[22:49:23] [Server thread/INFO]: Registering commands with com.sk89q.worldedit.bukkit.BukkitServerInterface
[22:49:23] [Server thread/INFO]: WEPIF: Vault detected! Using Vault for permissions
[22:49:23] [Server thread/INFO]: Using com.sk89q.worldedit.bukkit.adapter.impl.v1_19_R1.PaperweightAdapter as the Bukkit adapter
[22:49:24] [Server thread/INFO]: [PlugManX] Enabling PlugManX v2.4.1
[22:49:25] [Server thread/WARN]: **** SERVER IS RUNNING IN OFFLINE/INSECURE MODE!
[22:49:25] [Server thread/WARN]: The server will make no attempt to authenticate usernames. Beware.
[22:49:25] [Server thread/WARN]: While this makes the game possible to play without internet access, it also opens up the ability for hackers to connect with any username they choose.
[22:49:25] [Server thread/WARN]: To change this, set "online-mode" to "true" in the server.properties file.
[22:49:25] [Server thread/INFO]: Preparing level "Lobby"
[22:49:26] [Server thread/INFO]: Preparing start region for dimension minecraft:overworld
[22:49:26] [Server thread/INFO]: Time elapsed: 501 ms
[22:49:26] [Server thread/INFO]: Preparing start region for dimension minecraft:the_nether
[22:49:26] [Server thread/INFO]: Time elapsed: 337 ms
[22:49:26] [Server thread/INFO]: Preparing start region for dimension minecraft:the_end
[22:49:27] [Server thread/INFO]: Time elapsed: 333 ms
[22:49:27] [Server thread/INFO]: [PlaceholderAPI] Enabling PlaceholderAPI v2.11.6
[22:49:27] [Server thread/INFO]: [PlaceholderAPI] Fetching available expansion information...
[22:49:27] [Server thread/INFO]: [SternalBoard] Enabling SternalBoard v2.3.0
[22:49:27] [Server thread/INFO]: [SternalBoard] Loading library adventure-text-serializer-legacy
[22:49:27] [Server thread/INFO]: [SternalBoard] Loading library adventure-text-serializer-plain
[22:49:27] [Server thread/INFO]: [SternalBoard] Loading library adventure-text-serializer-json
[22:49:27] [Server thread/INFO]: [SternalBoard] Loading library adventure-text-serializer-ansi
[22:49:27] [Server thread/INFO]: [SternalBoard] Loading library adventure-text-serializer-gson
[22:49:27] [Server thread/INFO]: [SternalBoard] Loading library adventure-nbt
[22:49:27] [Server thread/INFO]: [SternalBoard] Loading library adventure-text-serializer-json-legacy-impl
[22:49:27] [Server thread/INFO]: [SternalBoard] Loading library adventure-text-serializer-gson-legacy-impl
[22:49:27] [Server thread/INFO]: [SternalBoard] Loading library adventure-text-minimessage
[22:49:27] [Server thread/INFO]: [SternalBoard] Loading library adventure-api
[22:49:27] [Server thread/INFO]: [SternalBoard] Loading library examination-api
[22:49:27] [Server thread/INFO]: [SternalBoard] Loading library adventure-platform-api
[22:49:27] [Server thread/INFO]: [SternalBoard] Loading library adventure-platform-bukkit
[22:49:27] [Server thread/INFO]: [SternalBoard] Loading library adventure-platform-facet
[22:49:27] [Server thread/INFO]: [SternalBoard] Loading library adventure-key
[22:49:27] [Server thread/INFO]: [ViaVersion] Enabling ViaVersion v5.2.0
[22:49:27] [Server thread/INFO]: [ViaVersion] ViaVersion detected server version: 1.19 (759)
[22:49:27] [Server thread/WARN]: [ViaVersion] Please update your Java runtime to at least Java 21 (your version is 17.0.13).
[22:49:27] [Server thread/WARN]: [ViaVersion] At some point in the future, ViaVersion will no longer be compatible with this version of Java.
[22:49:27] [Server thread/INFO]: [NBTAPI] Enabling NBTAPI v2.14.1
[22:49:27] [Server thread/INFO]: [NBTAPI] Checking bindings...
[22:49:27] [Server thread/INFO]: [NBTAPI] All Classes were able to link!
[22:49:27] [Server thread/INFO]: [NBTAPI] All Methods were able to link!
[22:49:27] [Server thread/INFO]: [NBTAPI] Running NBT reflection test...
[22:49:28] [Server thread/INFO]: [NBTAPI] Success! This version of NBT-API is compatible with your server.
[22:49:28] [Server thread/INFO]: [CustomJoinItems] Enabling CustomJoinItems v1.5.2*
[22:49:28] [Server thread/INFO]: [ViaBackwards] Enabling ViaBackwards v5.2.0
[22:49:28] [Server thread/INFO]: [AdvancedNMotd] Enabling AdvancedNMotd v10.0.1
[22:49:28] [Server thread/INFO]: 
[22:49:28] [Server thread/INFO]: ---------------- AdvancedNMotd --------------
[22:49:28] [Server thread/INFO]:            AdvancedNMotd is enabled!
[22:49:28] [Server thread/INFO]: ---------------------------------------------
[22:49:28] [Server thread/INFO]: 
[22:49:28] [Server thread/INFO]: [Geyser-Spigot] Enabling Geyser-Spigot v2.6.0-SNAPSHOT
[22:49:28] [Server thread/INFO]: [BetterSocial] Enabling BetterSocial v1.4-BETA
[22:49:28] [Server thread/INFO]: [BetterSocial] Inventory title with support for more than 32 characters. Skipping..
[22:49:28] [Server thread/INFO]: [BetterSocial] Hex colors are available! Ready for RGB..
[22:49:28] [Server thread/INFO]: [BetterSocial] Old constructor for HoverEvent found! Using it..
[22:49:28] [Server thread/INFO]: [BetterSocial] New sendTitle method found! Using it..
[22:49:28] [Server thread/INFO]: [BetterSocial] New setUnbreakable method found! Using it..
[22:49:28] [Server thread/INFO]: [BetterSocial] New isUnbreakable method found! Using it..
[22:49:28] [Server thread/INFO]:   ___      _   _           ___          _      _  Running v1.4-BETA (v1_19)
[22:49:28] [Server thread/INFO]:  | _ ) ___| |_| |_ ___ _ _/ __| ___  __(_)__ _| | Server Paper vgit-Paper-81 (MC: 1.19)
[22:49:28] [Server thread/INFO]:  | _ \/ -_)  _|  _/ -_) '_\__ \/ _ \/ _| / _` | | Discord for support: https://alonsoaliaga.com/discord
[22:49:28] [Server thread/INFO]:  |___/\___|\__|\__\___|_| |___/\___/\__|_\__,_|_| Thanks for using my plugin ❤!
[22:49:28] [Server thread/INFO]:           Developed by AlonsoAliaga
[22:49:28] [Server thread/INFO]: 
[22:49:28] [Server thread/INFO]: ==============================================================================================
[22:49:28] [Server thread/INFO]: [BetterSocial] You are using a Paper fork (Paper), plugin should work fine!
[22:49:28] [Server thread/INFO]: [BetterSocial] If you have issues, join us on our official support server on alonsoaliaga.com/discord
[22:49:28] [Server thread/INFO]: ==============================================================================================
[22:49:28] [Server thread/INFO]: 
[22:49:28] [Server thread/INFO]: [BetterSocial] BungeeCord action bar available. Hooking..
[22:49:28] [Server thread/INFO]: [BetterSocial] ProtocolLib found! Checking..
[22:49:29] [Server thread/INFO]: [Auto-update] Configuration is up-to-date!
[22:49:29] [Server thread/INFO]: [Auto-update] File social.yml is up-to-date!
[22:49:29] [Server thread/INFO]: [BetterSocial] Old ItemStack constructor is available!
[22:49:29] [Server thread/INFO]: [BetterSocial] SkullMeta#setOwningPlayer method is available for heads.
[22:49:29] [Server thread/INFO]: [BetterSocial] SkullMeta#setOwner method is available for heads.
[22:49:29] [Server thread/INFO]: [BetterSocial] SkullMeta#setOwnerProfile method is available for heads. Using it for heads..
[22:49:29] [Server thread/INFO]: [BetterSocial] New setUnbreakable method found! Using it..
[22:49:29] [Server thread/INFO]: [BetterSocial] New setOwningPlayer method is available!
[22:49:29] [Server thread/INFO]: [BetterSocial] Old Bukkit#getOfflinePlayer(String name) method is available!
[22:49:29] [Server thread/INFO]: [BetterSocial] New isUnbreakable method found! Using it..
[22:49:29] [Server thread/INFO]: [BetterSocial] [HikariCP] Using com.mysql.cj.jdbc.MysqlDataSource for source class name..
[22:49:29] [Server thread/INFO]: [BetterSocial] [SQLite] Attempting to create 'bettersocial' table..
[22:49:29] [Server thread/INFO]: [SQLite] Connecting to database 'database-bettersocial.db'!
[22:49:29] [Server thread/INFO]: [SQLite] Driver available: SQLite JDBC | 3.36.0
[22:49:29] [Server thread/INFO]: [SQLite] Successfully connected to database!
[22:49:29] [Server thread/INFO]: [BetterSocial] [SQLite] Table 'bettersocial' has been created if didn't exist.
[22:49:29] [Server thread/INFO]: [BetterSocial] Media 'twitter' is enabled in config. Loading..
[22:49:29] [Server thread/INFO]: [BetterSocial] Media 'twitter' successfully enabled! Slot: 10
[22:49:29] [Server thread/INFO]: [BetterSocial] Media 'youtube' is enabled in config. Loading..
[22:49:29] [Server thread/INFO]: [BetterSocial] Media 'youtube' successfully enabled! Slot: 11
[22:49:29] [Server thread/INFO]: [BetterSocial] Media 'instagram' is enabled in config. Loading..
[22:49:29] [Server thread/INFO]: [BetterSocial] Media 'instagram' successfully enabled! Slot: 12
[22:49:29] [Server thread/INFO]: [BetterSocial] Media 'twitch' is enabled in config. Loading..
[22:49:29] [Server thread/INFO]: [BetterSocial] Media 'twitch' successfully enabled! Slot: 13
[22:49:29] [Server thread/INFO]: [BetterSocial] Media 'facebook' is enabled in config. Loading..
[22:49:29] [Server thread/INFO]: [BetterSocial] Media 'facebook' successfully enabled! Slot: 14
[22:49:29] [Server thread/INFO]: [BetterSocial] Media 'discord' is enabled in config. Loading..
[22:49:29] [Server thread/INFO]: [BetterSocial] Media 'discord' successfully enabled! Slot: 15
[22:49:29] [Server thread/INFO]: [BetterSocial] Media 'mynetworkforum' is enabled in config. Loading..
[22:49:29] [Server thread/INFO]: [BetterSocial] Media 'mynetworkforum' successfully enabled! Slot: 16
[22:49:29] [Server thread/INFO]: [BetterSocial] Social media 'youtube' column already registered in database!
[22:49:29] [Server thread/INFO]: [BetterSocial] Social media 'twitter' column already registered in database!
[22:49:29] [Server thread/INFO]: [BetterSocial] Social media 'twitch' column already registered in database!
[22:49:29] [Server thread/INFO]: [BetterSocial] Social media 'discord' column already registered in database!
[22:49:29] [Server thread/INFO]: [BetterSocial] Social media 'facebook' column already registered in database!
[22:49:29] [Server thread/INFO]: [BetterSocial] Social media 'instagram' column already registered in database!
[22:49:29] [Server thread/INFO]: [BetterSocial] Social media 'mynetworkforum' column already registered in database!
[22:49:29] [Server thread/WARN]: Could not register alias sell because it contains commands that do not exist: economyshopgui:sellall $1-
[22:49:29] [Server thread/INFO]: [BetterSocial] PlaceholderAPI found! Hooking..
[22:49:29] [Server thread/INFO]: [PlaceholderAPI] Successfully registered internal expansion: bettersocial [1.4-BETA]
[22:49:29] [Server thread/INFO]: [Essentials] Enabling Essentials v2.21.0-dev+151-f2af952
[22:49:29] [Server thread/ERROR]: [Essentials] You are running an unsupported server version!
[22:49:30] [Server thread/INFO]: [Essentials] Attempting to convert old kits in config.yml to new kits.yml
[22:49:30] [Server thread/INFO]: [Essentials] No kits found to migrate.
[22:49:30] [Server thread/INFO]: [Essentials] Loaded 43465 items from items.json.
[22:49:30] [Server thread/INFO]: [Essentials] Using locale es
[22:49:30] [Server thread/INFO]: [Essentials] ServerListPingEvent: Spigot iterator API
[22:49:31] [Server thread/INFO]: [Essentials] Starting Metrics. Opt-out using the global bStats config.
[22:49:31] [Server thread/INFO]: [Vault] [Economy] Essentials Economy hooked.
[22:49:31] [Server thread/INFO]: [Essentials] Using Vault based permissions (LuckPerms)
[22:49:31] [Server thread/INFO]: [AlonsoLevels] Enabling AlonsoLevels v2.3.2-BETA
[22:49:31] [Server thread/INFO]: [AlonsoLevels] Max health Attribute check found. Using it..
[22:49:31] [Server thread/INFO]: [AlonsoLevels] Inventory title with support for more than 32 characters. Skipping..
[22:49:31] [Server thread/INFO]: [AlonsoLevels] Hex colors are available! Ready for RGB..
[22:49:31] [Server thread/INFO]: [AlonsoLevels] Old constructor for HoverEvent found! Using it..
[22:49:31] [Server thread/INFO]: [AlonsoLevels] New sendTitle method found! Using it..
[22:49:31] [Server thread/INFO]: [AlonsoLevels] New setUnbreakable method found! Using it..
[22:49:31] [Server thread/INFO]: [AlonsoLevels] New isUnbreakable method found! Using it..
[22:49:31] [Server thread/INFO]:     _   _                  _                _     Running v2.3.2-BETA (v1_19)
[22:49:31] [Server thread/INFO]:    /_\ | |___ _ _  ___ ___| |   _____ _____| |___ Server Paper vgit-Paper-81 (MC: 1.19)
[22:49:31] [Server thread/INFO]:   / _ \| / _ \ ' \(_-</ _ \ |__/ -_) V / -_) (_-< Discord for support: https://alonsoaliaga.com/discord
[22:49:31] [Server thread/INFO]:  /_/ \_\_\___/_||_/__/\___/____\___|\_/\___|_/__/ Thanks for purchasing my plugin ❤!
[22:49:31] [Server thread/INFO]:                  Developed by AlonsoAliaga
[22:49:31] [Server thread/INFO]: 
[22:49:31] [Server thread/INFO]: ==============================================================================================
[22:49:31] [Server thread/INFO]: [AlonsoLevels] You are using a Paper fork (Paper), plugin should work fine!
[22:49:31] [Server thread/INFO]: [AlonsoLevels] If you have issues, join us on our official support server on alonsoaliaga.com/discord
[22:49:31] [Server thread/INFO]: ==============================================================================================
[22:49:31] [Server thread/INFO]: 
[22:49:31] [Server thread/INFO]: [AlonsoLevels] BungeeCord action bar available. Hooking..
[22:49:31] [Server thread/INFO]: [AlonsoLevels] ProtocolLib found! Checking..
[22:49:31] [Server thread/INFO]: [Auto-update] Configuration is up-to-date!
[22:49:31] [Server thread/INFO]: [AlonsoLevels] [HikariCP] Using com.mysql.cj.jdbc.MysqlDataSource for source class name..
[22:49:31] [Server thread/INFO]: [AlonsoLevels] [SQLite] Attempting to create 'alonsolevels' table..
[22:49:31] [Server thread/INFO]: [SQLite] Connecting to database 'database-alonsolevels.db'!
[22:49:31] [Server thread/INFO]: [SQLite] Driver available: SQLite JDBC | 3.36.0
[22:49:31] [Server thread/INFO]: [SQLite] Successfully connected to database!
[22:49:31] [Server thread/INFO]: [AlonsoLevels] [SQLite] Table 'alonsolevels' has been created if didn't exist.
[22:49:31] [Server thread/INFO]: [AlonsoLevels] Database found! Everything is working as expected.
[22:49:31] [Server thread/INFO]: [AlonsoLevels] Old ItemStack constructor is available!
[22:49:31] [Server thread/INFO]: [AlonsoLevels] SkullMeta#setOwningPlayer method is available for heads.
[22:49:31] [Server thread/INFO]: [AlonsoLevels] SkullMeta#setOwner method is available for heads.
[22:49:31] [Server thread/INFO]: [AlonsoLevels] SkullMeta#setOwnerProfile method is available for heads. Using it for heads..
[22:49:31] [Server thread/INFO]: [AlonsoLevels] New setUnbreakable method found! Using it..
[22:49:31] [Server thread/INFO]: [AlonsoLevels] New setOwningPlayer method is available!
[22:49:31] [Server thread/INFO]: [AlonsoLevels] Old Bukkit#getOfflinePlayer(String name) method is available!
[22:49:31] [Server thread/INFO]: [AlonsoLevels] New isUnbreakable method found! Using it..
[22:49:31] [Server thread/INFO]: [AlonsoLevels] Server name has been selected as 'Lobby'
[22:49:31] [Server thread/INFO]: [AlonsoLevels] Config files are (re)loading.. Timestamp: Negative | Negative
[22:49:31] [Server thread/INFO]: [AlonsoLevels] Formula for experience is enabled! Loading..
[22:49:31] [Server thread/INFO]: ===========================================================================================
[22:49:31] [Server thread/INFO]: [AlonsoLevels] Engine 'JavaScript' (1) recognized: __momolib.js.nashorn.api.scripting.NashornScriptEngine@9d37e1e
[22:49:33] [Server thread/INFO]: [AlonsoLevels] Successfully loaded 500 levels!
[22:49:33] [Server thread/INFO]: [AlonsoLevels] Loaded 56 normal rewards in 3 pages.
[22:49:33] [Server thread/INFO]: [AlonsoLevels] Loaded 3 veteran rewards.
[22:49:33] [Server thread/INFO]: [AlonsoLevels] Loaded 8 normal multipliers.
[22:49:33] [Server thread/INFO]: [AlonsoLevels] Loaded 5 veteran multipliers.
[22:49:33] [Server thread/INFO]: [AlonsoLevels] PlaceholderAPI found! Hooking..
[22:49:33] [Server thread/INFO]: [PlaceholderAPI] Successfully registered internal expansion: alonsolevels [2.3.2-BETA]
[22:49:33] [Server thread/INFO]: [AlonsoLevels] VaultMultiplier wasn't found! Skipping..
[22:49:33] [Server thread/INFO]: [AdvancedBan] Enabling AdvancedBan v2.3.0
[22:49:33] [Server thread/INFO]: [me.leoko.advancedban.shaded.com.zaxxer.hikari.HikariDataSource] HikariPool-1 - Starting...
[22:49:34] [Server thread/INFO]: [me.leoko.advancedban.shaded.com.zaxxer.hikari.pool.PoolBase] HikariPool-1 - Driver does not support get/set network timeout for connections. (feature not supported)
[22:49:34] [Server thread/INFO]: [me.leoko.advancedban.shaded.com.zaxxer.hikari.HikariDataSource] HikariPool-1 - Start completed.
[22:49:34] [Server thread/INFO]: 
 
[]=====[Enabling AdvancedBan]=====[]
| Information:
|   Name: AdvancedBan
|   Developer: Leoko
|   Version: 2.3.0
|   Storage: HSQLDB (local)
| Support:
|   Github: https://github.com/DevLeoko/AdvancedBan/issues
|   Discord: https://discord.gg/ycDG6rS
| Twitter: @LeokoGar
| Update:
|   You have the newest version
[]================================[]
 
[22:49:34] [Server thread/INFO]: [CommandPanels] Enabling CommandPanels v3.21.4.4
[22:49:34] [Server thread/INFO]: [CommandPanels] RockyHawk's CommandPanels v3.21.4.4 Plugin Loading...
[22:49:34] [Server thread/INFO]: [PlaceholderAPI] Successfully registered internal expansion: commandpanels [1.0.0]
[22:49:34] [Server thread/INFO]: [CommandPanels] RockyHawk's CommandPanels v3.21.4.4 Plugin Loaded!
[22:49:34] [Server thread/INFO]: [WorldGuard] Enabling WorldGuard v7.0.8+33cdb4a
[22:49:34] [Server thread/INFO]: [WorldGuard] (Lobby) TNT ignition is PERMITTED.
[22:49:34] [Server thread/INFO]: [WorldGuard] (Lobby) Lighters are PERMITTED.
[22:49:34] [Server thread/INFO]: [WorldGuard] (Lobby) Lava fire is PERMITTED.
[22:49:34] [Server thread/INFO]: [WorldGuard] (Lobby) Fire spread is UNRESTRICTED.
[22:49:34] [Server thread/INFO]: [WorldGuard] Loaded configuration for world 'Lobby'
[22:49:34] [Server thread/INFO]: [WorldGuard] (Lobby_nether) TNT ignition is PERMITTED.
[22:49:34] [Server thread/INFO]: [WorldGuard] (Lobby_nether) Lighters are PERMITTED.
[22:49:34] [Server thread/INFO]: [WorldGuard] (Lobby_nether) Lava fire is PERMITTED.
[22:49:34] [Server thread/INFO]: [WorldGuard] (Lobby_nether) Fire spread is UNRESTRICTED.
[22:49:34] [Server thread/INFO]: [WorldGuard] Loaded configuration for world 'Lobby_nether'
[22:49:34] [Server thread/INFO]: [WorldGuard] (Lobby_the_end) TNT ignition is PERMITTED.
[22:49:34] [Server thread/INFO]: [WorldGuard] (Lobby_the_end) Lighters are PERMITTED.
[22:49:34] [Server thread/INFO]: [WorldGuard] (Lobby_the_end) Lava fire is PERMITTED.
[22:49:34] [Server thread/INFO]: [WorldGuard] (Lobby_the_end) Fire spread is UNRESTRICTED.
[22:49:34] [Server thread/INFO]: [WorldGuard] Loaded configuration for world 'Lobby_the_end'
[22:49:34] [Server thread/INFO]: [WorldGuard] Loading region data...
[22:49:34] [Server thread/INFO]: [Multiverse-Core] Enabling Multiverse-Core v4.3.1-b861
[22:49:34] [Server thread/WARN]: [Multiverse-Core] "Multiverse-Core v4.3.1-b861" has registered a listener for org.bukkit.event.entity.EntityCreatePortalEvent on method "public void com.onarandombox.MultiverseCore.listeners.MVPortalListener.entityPortalCreate(org.bukkit.event.entity.EntityCreatePortalEvent)", but the event is Deprecated. "Server performance will be affected"; please notify the authors [dumptruckman, Rigby, fernferret, lithium3141, main--].
[22:49:34] [Server thread/INFO]: [Multiverse-Core] §aWe are aware of the warning about the deprecated event. There is no alternative that allows us to do what we need to do and performance impact is negligible. It is safe to ignore.
[22:49:35] [Server thread/INFO]: Preparing start region for dimension minecraft:world
[22:49:35] [Server thread/INFO]: Preparing spawn area: 0%
[22:49:35] [Server thread/INFO]: Preparing spawn area: 0%
[22:49:35] [Server thread/INFO]: Time elapsed: 676 ms
[22:49:36] [Server thread/INFO]: [WorldGuard] (world) TNT ignition is PERMITTED.
[22:49:36] [Server thread/INFO]: [WorldGuard] (world) Lighters are PERMITTED.
[22:49:36] [Server thread/INFO]: [WorldGuard] (world) Lava fire is PERMITTED.
[22:49:36] [Server thread/INFO]: [WorldGuard] (world) Fire spread is UNRESTRICTED.
[22:49:36] [Server thread/INFO]: [WorldGuard] Loaded configuration for world 'world'
[22:49:47] [Server thread/INFO]: Preparing start region for dimension minecraft:world_the_end
[22:49:47] [Server thread/INFO]: Preparing spawn area: 0%
[22:49:47] [Server thread/INFO]: Time elapsed: 296 ms
[22:49:47] [Server thread/INFO]: [WorldGuard] (world_the_end) TNT ignition is PERMITTED.
[22:49:47] [Server thread/INFO]: [WorldGuard] (world_the_end) Lighters are PERMITTED.
[22:49:47] [Server thread/INFO]: [WorldGuard] (world_the_end) Lava fire is PERMITTED.
[22:49:47] [Server thread/INFO]: [WorldGuard] (world_the_end) Fire spread is UNRESTRICTED.
[22:49:47] [Server thread/INFO]: [WorldGuard] Loaded configuration for world 'world_the_end'
[22:49:49] [Server thread/INFO]: Preparing start region for dimension minecraft:world_nether
[22:49:49] [Server thread/INFO]: Preparing spawn area: 0%
[22:49:49] [Server thread/INFO]: Preparing spawn area: 0%
[22:49:49] [Server thread/INFO]: Time elapsed: 979 ms
[22:49:50] [Server thread/INFO]: [WorldGuard] (world_nether) TNT ignition is PERMITTED.
[22:49:50] [Server thread/INFO]: [WorldGuard] (world_nether) Lighters are PERMITTED.
[22:49:50] [Server thread/INFO]: [WorldGuard] (world_nether) Lava fire is PERMITTED.
[22:49:50] [Server thread/INFO]: [WorldGuard] (world_nether) Fire spread is UNRESTRICTED.
[22:49:50] [Server thread/INFO]: [WorldGuard] Loaded configuration for world 'world_nether'
[22:49:50] [Server thread/INFO]: [Multiverse-Core] 6 - World(s) loaded.
[22:49:50] [Server thread/INFO]: [Multiverse-Core] Version 4.3.1-b861 (API v24) Enabled - By dumptruckman, Rigby, fernferret, lithium3141 and main--
[22:49:50] [Server thread/INFO]: [EssentialsChat] Enabling EssentialsChat v2.21.0-dev+151-f2af952
[22:49:50] [Server thread/INFO]: [EssentialsChat] Starting Metrics. Opt-out using the global bStats config.
[22:49:50] [Server thread/INFO]: [EconomyShopGUI] Enabling EconomyShopGUI v6.10.1
[22:49:50] [Server thread/INFO]: [EconomyShopGUI] [INFO]: Usando lang-es.yml como archivo de idioma...
[22:49:50] [Server thread/INFO]: [EconomyShopGUI] [INFO]: Carga completada 16 configuraciones de la sección de /secciones/
[22:49:50] [Server thread/INFO]: [EconomyShopGUI] [INFO]: Completada la carga de la configuración de 16 tiendas desde /shops/
[22:49:50] [Server thread/INFO]: [EconomyShopGUI] [INFO]: Actualizando la configuración de la tienda...
[22:49:50] [Server thread/INFO]: [EconomyShopGUI] [INFO]: Successfully hooked into Vault
[22:49:50] [Server thread/INFO]: [EconomyShopGUI] [INFO]: Se completó la carga de 1 proveedor(es) de economía para todas las 14 secciones de tiendas.
[22:49:50] [Server thread/INFO]: [EconomyShopGUI] [INFO]: Usando minecraft versión 1.19...
[22:49:50] [Server thread/INFO]: [EconomyShopGUI] [INFO]: Proveedor spawner establecido en AUTO en la configuración
[22:49:50] [Server thread/INFO]: [EconomyShopGUI] [INFO]: Automatically searching for compatible spawner provider....
[22:49:50] [Server thread/INFO]: [EconomyShopGUI] [INFO]: Failed to automatically find compatible spawner provider, using default...
[22:49:50] [Server thread/INFO]: [PlaceholderAPI] Successfully registered internal expansion: esgui [1.0.0]
[22:49:50] [Server thread/INFO]: [EconomyShopGUI] [INFO]: El modo de depuración está habilitado.
[22:49:50] [Server thread/INFO]: [EconomyShopGUI] [INFO]: Cargando todos los elementos...
[22:49:50] [Server thread/INFO]: [EconomyShopGUI] [INFO]: Iniciado - Tomó 722ms para completar
[22:49:50] [Server thread/INFO]: [PlayerKits2] Enabling PlayerKits2 v1.14.3
[22:49:50] [Server thread/INFO]: [PlaceholderAPI] Successfully registered internal expansion: playerkits [1.14.3]
[22:49:50] [Server thread/INFO]: [PlayerKits²] Has been enabled! Version: 1.14.3
[22:49:50] [Server thread/INFO]: [PlayerKits²] Thanks for using my plugin!   ~Ajneb97
[22:49:51] [Server thread/INFO]: [TAB] Enabling TAB v5.0.3
[22:49:51] [Server thread/INFO]: [TAB] Loaded NMS hook in 128ms
[22:49:51] [Server thread/INFO]: [TAB] Enabled in 153ms
[22:49:51] [Server thread/INFO]: [ProtectionStones] Enabling ProtectionStones v2.10.5
[22:49:51] [Server thread/INFO]: [WorldGuard] Registering session handler dev.espi.protectionstones.flags.GreetingFlagHandler
[22:49:51] [Server thread/INFO]: [WorldGuard] Registering session handler dev.espi.protectionstones.flags.FarewellFlagHandler
[22:49:51] [Server thread/INFO]: [ProtectionStones] PlaceholderAPI support enabled!
[22:49:51] [Server thread/INFO]: [PlaceholderAPI] Successfully registered internal expansion: protectionstones [2.10.5]
[22:49:51] [Server thread/INFO]: [ProtectionStones] LuckPerms support enabled!
[22:49:51] [Server thread/INFO]: [ProtectionStones] Protection Stone Blocks:
[22:49:51] [Server thread/INFO]: [ProtectionStones] - GOLD_ORE (256)
[22:49:51] [Server thread/INFO]: [ProtectionStones] - IRON_ORE (128)
[22:49:51] [Server thread/INFO]: [ProtectionStones] - EMERALD_ORE (512)
[22:49:51] [Server thread/INFO]: [ProtectionStones] - COAL_ORE (64)
[22:49:51] [Server thread/INFO]: [ProtectionStones] - DIAMOND_ORE (300)
[22:49:51] [Server thread/INFO]: [ProtectionStones] Building region cache...
[22:49:51] [Server thread/INFO]: [ProtectionStones] Building UUID cache... (if slow change async-load-uuid-cache in the config to true)
[22:49:51] [Server thread/INFO]: [ProtectionStones] Checking if PS regions have been updated to UUIDs...
[22:49:51] [Server thread/INFO]: [ProtectionStones] §fProtectionStones has successfully started!
[22:49:51] [Server thread/INFO]: [MobMoney] Enabling MobMoney v5.1.9
[22:49:51] [Server thread/INFO]: [PlaceholderAPI] Successfully registered internal expansion: MobMoney [1.0.0]
[22:49:51] [Server thread/INFO]: [SmoothTimber] Enabling SmoothTimber v1.27.2
[22:49:51] [Server thread/INFO]: SmoothTimber || You're currently using the supported Minecraft Version 1.19 (Core v1_19x)
[22:49:51] [Server thread/INFO]: SmoothTimber || Trying to enable compatibility addon 'PlaceholderApi' for plugin 'PlaceholderAPI'...
[22:49:51] [Server thread/INFO]: [PlaceholderAPI] Successfully registered internal expansion: smoothtimber [1.27.2]
[22:49:51] [Server thread/INFO]: SmoothTimber || Successfully enabled compatbility addon 'PlaceholderApi' for plugin 'PlaceholderAPI'...
[22:49:51] [Server thread/INFO]: SmoothTimber || Trying to enable compatibility addon 'WorldGuard' for plugin 'WorldGuard'...
[22:49:51] [Server thread/INFO]: SmoothTimber || Successfully enabled compatbility addon 'WorldGuard' for plugin 'WorldGuard'...
[22:49:51] [Server thread/INFO]: [EssentialsSpawn] Enabling EssentialsSpawn v2.21.0-dev+151-f2af952
[22:49:51] [Server thread/INFO]: [EssentialsSpawn] Starting Metrics. Opt-out using the global bStats config.
[22:49:51] [Server thread/INFO]: [AuthMe] Enabling AuthMe v5.6.0-bCUSTOM
[22:49:51] [Server thread/INFO]: [AuthMe] SQLite Setup finished
[22:49:51] [Server thread/INFO]: [AuthMe] Hooked into LuckPerms!
[22:49:52] [Server thread/INFO]: [AuthMe] Hooked successfully into Essentials
[22:49:52] [Server thread/INFO]: [AuthMe] Hooked successfully into Multiverse-Core
[22:49:52] [Server thread/INFO]: [AuthMe] AuthMe 5.6.0 build n.CUSTOM successfully enabled!
[22:49:52] [Server thread/INFO]: [BetterProfiles] Enabling BetterProfiles v1.6-BETA
[22:49:52] [Server thread/INFO]:   ___      _   _           ___          __ _ _          Running v1.6-BETA (v1_19)
[22:49:52] [Server thread/INFO]:  | _ ) ___| |_| |_ ___ _ _| _ \_ _ ___ / _(_) |___ ___  Server Paper vgit-Paper-81 (MC: 1.19)
[22:49:52] [Server thread/INFO]:  | _ \/ -_)  _|  _/ -_) '_|  _/ '_/ _ \  _| | / -_|_-<  Discord for support: https://alonsoaliaga.com/discord
[22:49:52] [Server thread/INFO]:  |___/\___|\__|\__\___|_| |_| |_| \___/_| |_|_\___/__/  Thanks for using my plugin ❤!
[22:49:52] [Server thread/INFO]:           Developed by AlonsoAliaga
[22:49:52] [Server thread/INFO]: 
[22:49:52] [Server thread/INFO]: ==============================================================================================
[22:49:52] [Server thread/INFO]: [BetterProfiles] You are using a Paper fork (Paper), plugin should work fine!
[22:49:52] [Server thread/INFO]: [BetterProfiles] If you have issues, join us on our official support server on alonsoaliaga.com/discord
[22:49:52] [Server thread/INFO]: ==============================================================================================
[22:49:52] [Server thread/INFO]: 
[22:49:52] [Server thread/INFO]: [Auto-update] Configuration items.yml is up-to-date!
[22:49:52] [Server thread/INFO]: [Auto-update] Configuration config.yml is up-to-date!
[22:49:52] [Server thread/INFO]: [BetterProfiles] BungeeCord action bar available. Hooking..
[22:49:52] [Server thread/INFO]: [BetterProfiles] ProtocolLib found! Checking..
[22:49:52] [Server thread/INFO]: [BetterProfiles] ================================================================================
[22:49:52] [Server thread/INFO]: [BetterProfiles] This is not an error! AlonsoLib is required for some commands command
[22:49:52] [Server thread/INFO]: [BetterProfiles] modifiers like [JSON] and related ones. These modifiers won't be available.
[22:49:52] [Server thread/INFO]: [BetterProfiles] Download latest version of AlonsoLib in https://alonsoaliaga.com/AlonsoLib
[22:49:52] [Server thread/INFO]: [BetterProfiles] For more questions join us on https://alonsoaliaga.com/discord
[22:49:52] [Server thread/INFO]: [BetterProfiles] Plugin will continue working without issues. Only those features won't work.
[22:49:52] [Server thread/INFO]: [BetterProfiles] ================================================================================
[22:49:52] [Server thread/INFO]: [BetterProfiles] [HikariCP] Using com.mysql.cj.jdbc.MysqlDataSource for source class name..
[22:49:52] [Server thread/INFO]: [BetterProfiles] [SQLite] Attempting to create 'betterprofiles' table..
[22:49:52] [Server thread/INFO]: [SQLite] Connecting to database 'database-betterprofiles.db'!
[22:49:52] [Server thread/INFO]: [SQLite] Driver available: SQLite JDBC | 3.36.0
[22:49:52] [Server thread/INFO]: [SQLite] Successfully connected to database!
[22:49:52] [Server thread/INFO]: [BetterProfiles] [SQLite] Table 'betterprofiles' has been created if didn't exist.
[22:49:52] [Server thread/INFO]: [BetterProfiles] Successfully loaded 1 books!
[22:49:52] [Server thread/INFO]: [BetterProfiles] Offline command is disabled. Skipping..
[22:49:52] [Server thread/INFO]: [BetterProfiles] Enabled profile on command.
[22:49:52] [Server thread/INFO]: [BetterProfiles] Enabling real time update profile..
[22:49:52] [Server thread/INFO]: [BetterProfiles] PlayerSwapHandItemsEvent class found. Enabling..
[22:49:52] [Server thread/INFO]: [BetterProfiles] Real time profile update is enabled.
[22:49:52] [Server thread/INFO]: [BetterProfiles] Enabled profile on right click.
[22:49:52] [Server thread/INFO]: [BetterProfiles] Old ItemStack constructor is available!
[22:49:52] [Server thread/INFO]: [BetterProfiles] SkullMeta#setOwningPlayer method is available for heads.
[22:49:52] [Server thread/INFO]: [BetterProfiles] SkullMeta#setOwner method is available for heads.
[22:49:52] [Server thread/INFO]: [BetterProfiles] SkullMeta#setOwnerProfile method is available for heads. Using it for heads..
[22:49:52] [Server thread/INFO]: [BetterProfiles] New setUnbreakable method found! Using it..
[22:49:52] [Server thread/INFO]: [BetterProfiles] New setOwningPlayer method is available!
[22:49:52] [Server thread/INFO]: [BetterProfiles] Old Bukkit#getOfflinePlayer(String name) method is available!
[22:49:52] [Server thread/INFO]: [BetterProfiles] New isUnbreakable method found! Using it..
[22:49:52] [Server thread/INFO]: [BetterProfiles] BetterProfilesPro is required to use Dynamic-data section!
[22:49:52] [Server thread/INFO]: [BetterProfiles] BetterProfilesPro is required to use Dynamic-data section!
[22:49:52] [Server thread/INFO]: [BetterProfiles] Loaded 12 items for 12 slots!
[22:49:52] [Server thread/INFO]: [BetterProfiles] PlaceholderAPI found! Hooking..
[22:49:52] [Server thread/INFO]: [PlaceholderAPI] Successfully registered internal expansion: betterprofiles [1.6-BETA]
[22:49:52] [Server thread/INFO]: [BetterProfiles] Bungee messaging system is allowed in this server. Enabling..
[22:49:52] [Server thread/INFO]: [ConditionalEvents] Enabling ConditionalEvents v4.59.1
[22:49:52] [Server thread/WARN]: [ProtocolLib] Error filtering reports: java.lang.IllegalArgumentException: Cannot find report name for Plugin %s tried to register listener for unknown packet %s [direction: from %s]
[22:49:52] [Server thread/WARN]: [ProtocolLib] [OutboundPacketListenerSet] Plugin ConditionalEvents tried to register listener for unknown packet DISGUISED_CHAT[PLAY, SERVER, 30, classNames: [net.minecraft.network.protocol.game.PacketPlayOutDisguisedChat, net.minecraft.network.protocol.game.ClientboundDisguisedChatPacket, PacketPlayOutDisguisedChat, ClientboundDisguisedChatPacket, DisguisedChat] (unregistered)] [direction: from SERVER]
[22:49:52] [Server thread/INFO]: [PlaceholderAPI] Successfully registered internal expansion: conditionalevents [4.59.1]
[22:49:52] [Server thread/INFO]: [ConditionalEvents] Has been enabled! Version: 4.59.1
[22:49:52] [Server thread/INFO]: [ConditionalEvents] Thanks for using my plugin!   ~Ajneb97
[22:49:52] [Server thread/INFO]: [FastLogin] Enabling FastLogin v1.12-SNAPSHOT-927f09a
[22:49:52] [Server thread/WARN]: [FastLogin] Disabling Minecraft proxy configuration. Assuming direct connections from now on.
[22:49:52] [Server thread/INFO]: [fastlogin.hikari.HikariDataSource] FastLogin - Starting...
[22:49:52] [Server thread/INFO]: [fastlogin.hikari.HikariDataSource] FastLogin - Start completed.
[22:49:53] [Server thread/INFO]: [PlaceholderAPI] Successfully registered internal expansion: FastLogin [1.12-SNAPSHOT-927f09a]
[22:49:53] [Server thread/INFO]: [PlaceholderAPI] Placeholder expansion registration initializing...
[22:49:53] [Server thread/INFO]: [Geyser-Spigot] ******************************************
[22:49:53] [Server thread/INFO]: [Geyser-Spigot] 
[22:49:53] [Server thread/INFO]: [Geyser-Spigot] Loading Geyser version 2.6.0-b739 (git-master-623ec2b)
[22:49:53] [Server thread/INFO]: [Geyser-Spigot] 
[22:49:53] [Server thread/INFO]: [Geyser-Spigot] ******************************************
[22:49:53] [ForkJoinPool.commonPool-worker-2/WARN]: [PlaceholderAPI] Loaded class net.ess3.api.IEssentials from Essentials v2.21.0-dev+151-f2af952 which is not a depend or softdepend of this plugin.
[22:49:56] [epollEventLoopGroup-3-2/INFO]: [Geyser-Spigot] Started Geyser on UDP port 3404
[22:49:56] [Server thread/INFO]: [Geyser-Spigot] Done (3.205s)! Run /geyser help for help!
[22:49:56] [Server thread/INFO]: Running delayed init tasks
[22:49:56] [Server thread/INFO]: [Essentials] Essentials found a compatible payment resolution method: Vault Compatibility Layer (v1.7.3-b131)!
[22:49:56] [Server thread/INFO]: [PlaceholderAPI] Successfully registered external expansion: server [2.7.3]
[22:49:56] [Server thread/INFO]: [PlaceholderAPI] Successfully registered external expansion: bungee [2.3]
[22:49:56] [Server thread/INFO]: [PlaceholderAPI] Successfully registered external expansion: pinger [1.0.1]
[22:49:56] [Server thread/INFO]: [PlaceholderAPI] Successfully registered external expansion: essentials [1.5.2]
[22:49:56] [Server thread/INFO]: [PlaceholderAPI] Successfully registered external expansion: player [2.0.8]
[22:49:56] [Server thread/WARN]: [PlaceholderAPI] Loaded class net.milkbowl.vault.economy.Economy from Vault v1.7.3-b131 which is not a depend or softdepend of this plugin.
[22:49:56] [Craft Scheduler Thread - 9 - ViaVersion/INFO]: [ViaVersion] Finished mapping loading, shutting down loader executor.
[22:49:56] [Server thread/INFO]: [PlaceholderAPI] Successfully registered external expansion: vault [1.8.3]
[22:49:56] [Server thread/INFO]: 6 placeholder hook(s) registered!
[22:49:56] [Server thread/INFO]: Done (52.331s)! For help, type "help"
[22:49:56] [Server thread/INFO]: Timings Reset
[22:49:56] [Craft Scheduler Thread - 11 - Essentials/INFO]: [Essentials] Obteniendo información de versión...
[22:49:56] [Craft Scheduler Thread - 12 - AuthMe/INFO]: [AuthMe] Downloading GEO IP database, because the old database is older than 30 days or doesn't exist
[22:49:56] [Craft Scheduler Thread - 12 - AuthMe/WARN]: [AuthMe] No MaxMind credentials found in the configuration file! GeoIp protections will be disabled.
[22:49:56] [Craft Scheduler Thread - 12 - AuthMe/INFO]: [AuthMe] There is no newer GEO IP database uploaded to MaxMind. Using the old one for now.
[22:49:56] [Craft Scheduler Thread - 12 - AuthMe/WARN]: [AuthMe] Could not download GeoLiteAPI database [FileNotFoundException]: plugins/AuthMe/GeoLite2-Country.mmdb (No such file or directory)
[22:49:56] [Craft Scheduler Thread - 5 - SkinsRestorer/INFO]: [33;1m[[32;22mSkinsRestorer[33;1m] [0;39m[32;1m----------------------------------------------[0;39m
[22:49:56] [Craft Scheduler Thread - 5 - SkinsRestorer/INFO]: [33;1m[[32;22mSkinsRestorer[33;1m] [0;39m[32;1m    +==================+[0;39m
[22:49:56] [Craft Scheduler Thread - 5 - SkinsRestorer/INFO]: [33;1m[[32;22mSkinsRestorer[33;1m] [0;39m[32;1m    |   SkinsRestorer  |[0;39m
[22:49:56] [Craft Scheduler Thread - 5 - SkinsRestorer/INFO]: [33;1m[[32;22mSkinsRestorer[33;1m] [0;39m[32;1m    |------------------|[0;39m
[22:49:56] [Craft Scheduler Thread - 5 - SkinsRestorer/INFO]: [33;1m[[32;22mSkinsRestorer[33;1m] [0;39m[32;1m    |  [34;1m[4m[21mStandalone Mode[0;39m[32;1m |[0;39m
[22:49:56] [Craft Scheduler Thread - 5 - SkinsRestorer/INFO]: [33;1m[[32;22mSkinsRestorer[33;1m] [0;39m[32;1m    +==================+[0;39m
[22:49:56] [Craft Scheduler Thread - 14 - BetterSocial/INFO]: [BetterSocial] Checking for updates...
[22:49:56] [Craft Scheduler Thread - 14 - BetterSocial/INFO]: [BetterSocial] Plugin up-to-date! You have the latest version!
[22:49:56] [Craft Scheduler Thread - 5 - SkinsRestorer/INFO]: [33;1m[[32;22mSkinsRestorer[33;1m] [0;39m[32;1m----------------------------------------------[0;39m
[22:49:56] [Craft Scheduler Thread - 5 - SkinsRestorer/INFO]: [33;1m[[32;22mSkinsRestorer[33;1m] [0;39m[36;1m    Version: [32;1m15.5.1[0;39m
[22:49:56] [Craft Scheduler Thread - 5 - SkinsRestorer/INFO]: [33;1m[[32;22mSkinsRestorer[33;1m] [0;39m[36;1m    Commit: [32;1md5d8613[0;39m
[22:49:56] [Craft Scheduler Thread - 5 - SkinsRestorer/INFO]: [33;1m[[32;22mSkinsRestorer[33;1m] [0;39m[32;1m    This is the latest version![0;39m
[22:49:56] [Craft Scheduler Thread - 5 - SkinsRestorer/INFO]: [33;1m[[32;22mSkinsRestorer[33;1m] [0;39m[32;1m----------------------------------------------[0;39m
[22:49:56] [Craft Scheduler Thread - 5 - SkinsRestorer/INFO]: [33;1m[[32;22mSkinsRestorer[33;1m] [0;39m[34;1mDo you have issues? Read our troubleshooting guide: [33;1mhttps://skinsrestorer.net/docs/troubleshooting[0;39m
[22:49:56] [Craft Scheduler Thread - 5 - SkinsRestorer/INFO]: [33;1m[[32;22mSkinsRestorer[33;1m] [0;39m[34;1mWant to support SkinsRestorer? Consider donating: [33;1mhttps://skinsrestorer.net/donate[0;39m
[22:49:56] [Craft Scheduler Thread - 17 - Vault/INFO]: [Vault] Checking for Updates ... 
[22:49:57] [Craft Scheduler Thread - 19 - BetterProfiles/INFO]: [BetterProfiles] Checking for updates...
[22:49:57] [Craft Scheduler Thread - 19 - BetterProfiles/INFO]: [BetterProfiles] Plugin up-to-date! You have the latest version!
[22:49:57] [Craft Scheduler Thread - 17 - Vault/INFO]: [Vault] No new version available
[22:49:57] [Craft Scheduler Thread - 7 - AdvancedNMotd/INFO]: 
[22:49:57] [Craft Scheduler Thread - 7 - AdvancedNMotd/INFO]: ------------ AdvancedNMotd Updater ----------
[22:49:57] [Craft Scheduler Thread - 7 - AdvancedNMotd/INFO]: You have the latest version of AdvancedNMotd!
[22:49:57] [Craft Scheduler Thread - 7 - AdvancedNMotd/INFO]: Current version: 10.0.0.
[22:49:57] [Craft Scheduler Thread - 7 - AdvancedNMotd/INFO]: ---------------------------------------------
[22:49:57] [Craft Scheduler Thread - 7 - AdvancedNMotd/INFO]: 
[22:49:57] [Server thread/WARN]: [ViaVersion] There is a newer plugin version available: 5.2.1, you're on: 5.2.0
[22:49:57] [Craft Scheduler Thread - 11 - Essentials/WARN]: [Essentials] ¡Estás a 3 compilación(es) de desactualización de EssentialsX!
[22:49:57] [Craft Scheduler Thread - 11 - Essentials/WARN]: [Essentials] Descárgala aquí: https://essentialsx.net/downloads.html
[22:49:57] [Server thread/INFO]: [FastLogin] Hooking into auth plugin: AuthMeHook
[22:49:58] [Craft Scheduler Thread - 6 - AlonsoLevels/INFO]: [AlonsoLevels] Checking for updates...
[22:49:58] [Craft Scheduler Thread - 6 - AlonsoLevels/INFO]: [AlonsoLevels] Plugin up-to-date! You have the latest version!
[22:50:26] [Server thread/INFO]: [AlonsoLevels] Leaderboard is disabled! Skipping..
[22:50:30] [Protocol Worker #1 - FastLogin - [recv: START[class=PacketLoginInStart, id=0], ENCRYPTION_BEGIN[class=PacketLoginInEncryptionBegin, id=1], send: ]/INFO]: [FastLogin] New incoming packet START[class=PacketLoginInStart, id=0] from UNKNOWN[/127.99.25.130:58399]
[22:50:30] [Craft Scheduler Thread - 6 - FastLogin/INFO]: [FastLogin] Requesting premium login for registered player: Frntts
[22:50:31] [Protocol Worker #1 - FastLogin - [recv: START[class=PacketLoginInStart, id=0], ENCRYPTION_BEGIN[class=PacketLoginInEncryptionBegin, id=1], send: ]/INFO]: [FastLogin] New incoming packet ENCRYPTION_BEGIN[class=PacketLoginInEncryptionBegin, id=1] from UNKNOWN[/127.99.25.130:58399]
[22:50:31] [Craft Scheduler Thread - 6 - FastLogin/INFO]: [FastLogin] Enabling onlinemode encryption for /127.99.25.130:58399
[22:50:31] [Craft Scheduler Thread - 6 - FastLogin/INFO]: [FastLogin] Profile Frntts has a verified premium account
[22:50:32] [User Authenticator #1/INFO]: UUID of player Frntts is dab0fa20-7de8-336e-8e70-c48bd783a098
[22:50:32] [TAB Processing Thread/INFO]: [TAB] [WARN] Player Frntts's group (dev) is not in sorting list! Sorting list: owner,admin,mod,helper,builder,vip,default. Player will be sorted on the bottom.
[22:50:32] [Server thread/INFO]: Frntts joined the game
[22:50:32] [Server thread/INFO]: Frntts[/127.99.25.130:58399] logged in with entity id 349 at ([world]-37.864549045300706, 151.0, 2.787623319859434)
[22:50:33] [Craft Scheduler Thread - 10 - FastLogin/INFO]: [FastLogin] Logging player Frntts in
[22:50:33] [Craft Scheduler Thread - 10 - AuthMe/INFO]: [AuthMe] Frntts logged in 127.99.25.130
[22:50:56] [Server thread/INFO]: Frntts issued server command: /kits
[22:53:12] [Server thread/INFO]: Frntts issued server command: /playerkits create Dios configurable
[22:53:16] [Server thread/INFO]: [NBTAPI] [NBTAPI] Found Minecraft: v1_19_R1! Trying to find NMS support
[22:53:16] [Server thread/INFO]: [NBTAPI] [NBTAPI] NMS support 'MC1_19_R1' loaded!
[22:53:16] [Server thread/INFO]: [NBTAPI] [NBTAPI] Using the plugin 'CommandPanels' to create a bStats instance!
[22:56:12] [Server thread/INFO]: Frntts issued server command: /playerkits reload
[22:56:17] [Server thread/INFO]: Frntts issued server command: /kits
